#
# There is insufficient memory for the Java Runtime Environment to continue.
# Native memory allocation (malloc) failed to allocate 546496 bytes. Error detail: Chunk::new
# Possible reasons:
#   The system is out of physical RAM or swap space
#   This process is running with CompressedOops enabled, and the Java Heap may be blocking the growth of the native heap
# Possible solutions:
#   Reduce memory load on the system
#   Increase physical memory or swap space
#   Check if swap backing store is full
#   Decrease Java heap size (-Xmx/-Xms)
#   Decrease number of Java threads
#   Decrease Java thread stack sizes (-Xss)
#   Set larger code cache with -XX:ReservedCodeCacheSize=
#   JVM is running with Unscaled Compressed Oops mode in which the Java heap is
#     placed in the first 4GB address space. The Java Heap base address is the
#     maximum limit for the native heap growth. Please use -XX:HeapBaseMinAddress
#     to set the Java Heap base and to place the Java Heap above 4GB virtual address.
# This output file may be truncated or incomplete.
#
#  Out of Memory Error (arena.cpp:168), pid=4144, tid=1384
#
# JRE version: OpenJDK Runtime Environment Temurin-21.0.6+7 (21.0.6+7) (build 21.0.6+7-LTS)
# Java VM: OpenJDK 64-Bit Server VM Temurin-21.0.6+7 (21.0.6+7-LTS, mixed mode, sharing, tiered, compressed oops, compressed class ptrs, parallel gc, windows-amd64)
# No core dump will be written. Minidumps are not enabled by default on client versions of Windows
#

---------------  S U M M A R Y ------------

Command Line: --add-modules=ALL-SYSTEM --add-opens=java.base/java.util=ALL-UNNAMED --add-opens=java.base/java.lang=ALL-UNNAMED --add-opens=java.base/sun.nio.fs=ALL-UNNAMED -Declipse.application=org.eclipse.jdt.ls.core.id1 -Dosgi.bundles.defaultStartLevel=4 -Declipse.product=org.eclipse.jdt.ls.core.product -Djava.import.generatesMetadataFilesAtProjectRoot=false -DDetectVMInstallationsJob.disabled=true -Dfile.encoding=utf8 -XX:+UseParallelGC -XX:GCTimeRatio=4 -XX:AdaptiveSizePolicyWeight=90 -Dsun.zip.disableMemoryMapping=true -Xmx1G -Xms100m -Xlog:disable -javaagent:c:\Users\harisnaseer\.vscode\extensions\redhat.java-1.41.1-win32-x64\lombok\lombok-1.18.36.jar -XX:+HeapDumpOnOutOfMemoryError -XX:HeapDumpPath=c:\Users\harisnaseer\AppData\Roaming\Code\User\workspaceStorage\504e6ecccf0c23e0a27ee28e65a1aba0\redhat.java -Daether.dependencyCollector.impl=bf c:\Users\harisnaseer\.vscode\extensions\redhat.java-1.41.1-win32-x64\server\plugins\org.eclipse.equinox.launcher_1.7.0.v20250331-1702.jar -configuration c:\Users\harisnaseer\AppData\Roaming\Code\User\globalStorage\redhat.java\1.41.1\config_win -data c:\Users\harisnaseer\AppData\Roaming\Code\User\workspaceStorage\504e6ecccf0c23e0a27ee28e65a1aba0\redhat.java\jdt_ws --pipe=\\.\pipe\lsp-5fd62f1ddfd2120b4752e33639dcf170-sock

Host: Intel(R) Core(TM) i3-2120 CPU @ 3.30GHz, 4 cores, 3G,  Windows 10 , 64 bit Build 18362 (10.0.18362.86)
Time: Mon May 12 17:37:33 2025 Pakistan Standard Time elapsed time: 20.809161 seconds (0d 0h 0m 20s)

---------------  T H R E A D  ---------------

Current thread (0x000001e46a5e33a0):  JavaThread "C2 CompilerThread0" daemon [_thread_in_native, id=1384, stack(0x000000689a800000,0x000000689a900000) (1024K)]


Current CompileTask:
C2:20809 5743       4       org.eclipse.jdt.internal.core.JarPackageFragmentRoot::initRawPackageInfo (292 bytes)

Stack: [0x000000689a800000,0x000000689a900000]
Native frames: (J=compiled Java code, j=interpreted, Vv=VM code, C=native code)
V  [jvm.dll+0x6cdee9]
V  [jvm.dll+0x8a83d1]
V  [jvm.dll+0x8aa8fe]
V  [jvm.dll+0x8aafe3]
V  [jvm.dll+0x27f706]
V  [jvm.dll+0xc500d]
V  [jvm.dll+0xc5543]
V  [jvm.dll+0x3b678c]
V  [jvm.dll+0x382935]
V  [jvm.dll+0x381d9a]
V  [jvm.dll+0x2479f0]
V  [jvm.dll+0x246fcf]
V  [jvm.dll+0x1c75ee]
V  [jvm.dll+0x25685a]
V  [jvm.dll+0x254dfa]
V  [jvm.dll+0x3f0256]
V  [jvm.dll+0x851f8b]
V  [jvm.dll+0x6cc5ed]
C  [ucrtbase.dll+0x1d9f2]
C  [KERNEL32.DLL+0x17bd4]
C  [ntdll.dll+0x6ce71]


---------------  P R O C E S S  ---------------

Threads class SMR info:
_java_thread_list=0x000001e471cd5fe0, length=25, elements={
0x000001e4562a9250, 0x000001e46a5d9da0, 0x000001e46a5dd410, 0x000001e46a5df300,
0x000001e46a5e0010, 0x000001e46a5e1bd0, 0x000001e46a5e2620, 0x000001e46a5e33a0,
0x000001e46a6540c0, 0x000001e46a57b0c0, 0x000001e46b5d6ee0, 0x000001e46bddf730,
0x000001e46bf4dc70, 0x000001e46bdab720, 0x000001e46befaa50, 0x000001e470331890,
0x000001e46a649e80, 0x000001e46bcb70d0, 0x000001e46bcb7760, 0x000001e46bcb5000,
0x000001e46bcb63b0, 0x000001e46bcb5d20, 0x000001e46bcb6a40, 0x000001e46bcb4970,
0x000001e4717a00e0
}

Java Threads: ( => current thread )
  0x000001e4562a9250 JavaThread "main"                              [_thread_blocked, id=2392, stack(0x0000006899e00000,0x0000006899f00000) (1024K)]
  0x000001e46a5d9da0 JavaThread "Reference Handler"          daemon [_thread_blocked, id=12064, stack(0x000000689a200000,0x000000689a300000) (1024K)]
  0x000001e46a5dd410 JavaThread "Finalizer"                  daemon [_thread_blocked, id=10576, stack(0x000000689a300000,0x000000689a400000) (1024K)]
  0x000001e46a5df300 JavaThread "Signal Dispatcher"          daemon [_thread_blocked, id=7448, stack(0x000000689a400000,0x000000689a500000) (1024K)]
  0x000001e46a5e0010 JavaThread "Attach Listener"            daemon [_thread_blocked, id=12768, stack(0x000000689a500000,0x000000689a600000) (1024K)]
  0x000001e46a5e1bd0 JavaThread "Service Thread"             daemon [_thread_blocked, id=13048, stack(0x000000689a600000,0x000000689a700000) (1024K)]
  0x000001e46a5e2620 JavaThread "Monitor Deflation Thread"   daemon [_thread_blocked, id=11656, stack(0x000000689a700000,0x000000689a800000) (1024K)]
=>0x000001e46a5e33a0 JavaThread "C2 CompilerThread0"         daemon [_thread_in_native, id=1384, stack(0x000000689a800000,0x000000689a900000) (1024K)]
  0x000001e46a6540c0 JavaThread "C1 CompilerThread0"         daemon [_thread_blocked, id=10468, stack(0x000000689a900000,0x000000689aa00000) (1024K)]
  0x000001e46a57b0c0 JavaThread "Common-Cleaner"             daemon [_thread_blocked, id=11536, stack(0x000000689aa00000,0x000000689ab00000) (1024K)]
  0x000001e46b5d6ee0 JavaThread "Notification Thread"        daemon [_thread_blocked, id=1328, stack(0x000000689ab00000,0x000000689ac00000) (1024K)]
  0x000001e46bddf730 JavaThread "Active Thread: Equinox Container: bbde8920-4bb7-4af7-b540-a87a834a9b9d"        [_thread_blocked, id=13088, stack(0x000000689b000000,0x000000689b100000) (1024K)]
  0x000001e46bf4dc70 JavaThread "Refresh Thread: Equinox Container: bbde8920-4bb7-4af7-b540-a87a834a9b9d" daemon [_thread_blocked, id=8268, stack(0x000000689af00000,0x000000689b000000) (1024K)]
  0x000001e46bdab720 JavaThread "Framework Event Dispatcher: Equinox Container: bbde8920-4bb7-4af7-b540-a87a834a9b9d" daemon [_thread_blocked, id=7504, stack(0x000000689b100000,0x000000689b200000) (1024K)]
  0x000001e46befaa50 JavaThread "Start Level: Equinox Container: bbde8920-4bb7-4af7-b540-a87a834a9b9d" daemon [_thread_in_native, id=980, stack(0x000000689b200000,0x000000689b300000) (1024K)]
  0x000001e470331890 JavaThread "Bundle File Closer"         daemon [_thread_blocked, id=2024, stack(0x000000689b300000,0x000000689b400000) (1024K)]
  0x000001e46a649e80 JavaThread "SCR Component Actor"        daemon [_thread_blocked, id=10164, stack(0x000000689b400000,0x000000689b500000) (1024K)]
  0x000001e46bcb70d0 JavaThread "Worker-JM"                         [_thread_blocked, id=7516, stack(0x000000689b600000,0x000000689b700000) (1024K)]
  0x000001e46bcb7760 JavaThread "JNA Cleaner"                daemon [_thread_blocked, id=4588, stack(0x000000689b700000,0x000000689b800000) (1024K)]
  0x000001e46bcb5000 JavaThread "Worker-0: Building"                [_thread_in_Java, id=2808, stack(0x000000689b800000,0x000000689b900000) (1024K)]
  0x000001e46bcb63b0 JavaThread "Worker-1: Repository registry initialization"        [_thread_blocked, id=11284, stack(0x000000689b900000,0x000000689ba00000) (1024K)]
  0x000001e46bcb5d20 JavaThread "Worker-2: Updating Maven Dependencies"        [_thread_in_Java, id=12088, stack(0x000000689ba00000,0x000000689bb00000) (1024K)]
  0x000001e46bcb6a40 JavaThread "Worker-3: Processing Java changes since last activation"        [_thread_blocked, id=3356, stack(0x000000689bb00000,0x000000689bc00000) (1024K)]
  0x000001e46bcb4970 JavaThread "Java indexing"              daemon [_thread_blocked, id=10596, stack(0x000000689bc00000,0x000000689bd00000) (1024K)]
  0x000001e4717a00e0 JavaThread "Worker-4"                          [_thread_blocked, id=10708, stack(0x000000689bd00000,0x000000689be00000) (1024K)]
Total: 25

Other Threads:
  0x000001e45636be70 VMThread "VM Thread"                           [id=12220, stack(0x000000689a100000,0x000000689a200000) (1024K)]
  0x000001e45631ae50 WatcherThread "VM Periodic Task Thread"        [id=10640, stack(0x000000689a000000,0x000000689a100000) (1024K)]
  0x000001e4562ca020 WorkerThread "GC Thread#0"                     [id=11296, stack(0x0000006899f00000,0x000000689a000000) (1024K)]
  0x000001e46ba4b250 WorkerThread "GC Thread#1"                     [id=7020, stack(0x000000689ac00000,0x000000689ad00000) (1024K)]
  0x000001e46be11b90 WorkerThread "GC Thread#2"                     [id=8620, stack(0x000000689ad00000,0x000000689ae00000) (1024K)]
  0x000001e46bb15f60 WorkerThread "GC Thread#3"                     [id=11996, stack(0x000000689ae00000,0x000000689af00000) (1024K)]
Total: 6

Threads with active compile tasks:
C2 CompilerThread0  20853 5743       4       org.eclipse.jdt.internal.core.JarPackageFragmentRoot::initRawPackageInfo (292 bytes)
Total: 1

VM state: not at safepoint (normal execution)

VM Mutex/Monitor currently owned by a thread: None

Heap address: 0x00000000c0000000, size: 1024 MB, Compressed Oops mode: 32-bit

CDS archive(s) mapped at: [0x000001e400000000-0x000001e400ba0000-0x000001e400ba0000), size 12189696, SharedBaseAddress: 0x000001e400000000, ArchiveRelocationMode: 1.
Compressed class space mapped at: 0x000001e401000000-0x000001e441000000, reserved size: 1073741824
Narrow klass base: 0x000001e400000000, Narrow klass shift: 0, Narrow klass range: 0x100000000

GC Precious Log:
 CardTable entry size: 512
 CPUs: 4 total, 4 available
 Memory: 3977M
 Large Page Support: Disabled
 NUMA Support: Disabled
 Compressed Oops: Enabled (32-bit)
 Alignments: Space 512K, Generation 512K, Heap 2M
 Heap Min Capacity: 100M
 Heap Initial Capacity: 100M
 Heap Max Capacity: 1G
 Pre-touch: Disabled
 Parallel Workers: 4

Heap:
 PSYoungGen      total 24064K, used 10904K [0x00000000eab00000, 0x00000000ec480000, 0x0000000100000000)
  eden space 22016K, 40% used [0x00000000eab00000,0x00000000eb3ae300,0x00000000ec080000)
  from space 2048K, 98% used [0x00000000ec280000,0x00000000ec478010,0x00000000ec480000)
  to   space 2048K, 0% used [0x00000000ec080000,0x00000000ec080000,0x00000000ec280000)
 ParOldGen       total 68608K, used 28359K [0x00000000c0000000, 0x00000000c4300000, 0x00000000eab00000)
  object space 68608K, 41% used [0x00000000c0000000,0x00000000c1bb1d28,0x00000000c4300000)
 Metaspace       used 39799K, committed 40768K, reserved 1114112K
  class space    used 4080K, committed 4480K, reserved 1048576K

Card table byte_map: [0x000001e455c60000,0x000001e455e70000] _byte_map_base: 0x000001e455660000

Marking Bits: (ParMarkBitMap*) 0x00007ffa16de3260
 Begin Bits: [0x000001e4684a0000, 0x000001e4694a0000)
 End Bits:   [0x000001e4694a0000, 0x000001e46a4a0000)

Polling page: 0x000001e4541a0000

Metaspace:

Usage:
  Non-class:     34.88 MB used.
      Class:      3.98 MB used.
       Both:     38.87 MB used.

Virtual space:
  Non-class space:       64.00 MB reserved,      35.44 MB ( 55%) committed,  1 nodes.
      Class space:        1.00 GB reserved,       4.38 MB ( <1%) committed,  1 nodes.
             Both:        1.06 GB reserved,      39.81 MB (  4%) committed. 

Chunk freelists:
   Non-Class:  11.89 MB
       Class:  11.45 MB
        Both:  23.34 MB

MaxMetaspaceSize: unlimited
CompressedClassSpaceSize: 1.00 GB
Initial GC threshold: 21.00 MB
Current GC threshold: 58.38 MB
CDS: on
 - commit_granule_bytes: 65536.
 - commit_granule_words: 8192.
 - virtual_space_node_default_size: 8388608.
 - enlarge_chunks_in_place: 1.
 - use_allocation_guard: 0.


Internal statistics:

num_allocs_failed_limit: 6.
num_arena_births: 778.
num_arena_deaths: 26.
num_vsnodes_births: 2.
num_vsnodes_deaths: 0.
num_space_committed: 637.
num_space_uncommitted: 0.
num_chunks_returned_to_freelist: 36.
num_chunks_taken_from_freelist: 2497.
num_chunk_merges: 11.
num_chunk_splits: 1576.
num_chunks_enlarged: 921.
num_inconsistent_stats: 0.

CodeHeap 'non-profiled nmethods': size=120000Kb used=2615Kb max_used=2615Kb free=117384Kb
 bounds [0x000001e460f70000, 0x000001e461200000, 0x000001e4684a0000]
CodeHeap 'profiled nmethods': size=120000Kb used=10671Kb max_used=10767Kb free=109328Kb
 bounds [0x000001e4594a0000, 0x000001e459f30000, 0x000001e4609d0000]
CodeHeap 'non-nmethods': size=5760Kb used=1353Kb max_used=1396Kb free=4406Kb
 bounds [0x000001e4609d0000, 0x000001e460c40000, 0x000001e460f70000]
 total_blobs=5963 nmethods=5314 adapters=555
 compilation: enabled
              stopped_count=0, restarted_count=0
 full_count=0

Compilation events (20 events):
Event: 20.746 Thread 0x000001e46a6540c0 5863       2       org.eclipse.jdt.internal.core.util.Util::combineHashCodes (7 bytes)
Event: 20.747 Thread 0x000001e46a6540c0 nmethod 5863 0x000001e4595ace90 code [0x000001e4595ad020, 0x000001e4595ad110]
Event: 20.751 Thread 0x000001e46a6540c0 5864       2       sun.nio.fs.WindowsPath::hashCode (52 bytes)
Event: 20.752 Thread 0x000001e46a6540c0 nmethod 5864 0x000001e45988e210 code [0x000001e45988e3e0, 0x000001e45988e710]
Event: 20.752 Thread 0x000001e46a6540c0 5865       2       java.lang.invoke.DirectMethodHandle$Holder::newInvokeSpecial (28 bytes)
Event: 20.752 Thread 0x000001e46a6540c0 nmethod 5865 0x000001e45988dc90 code [0x000001e45988de60, 0x000001e45988e068]
Event: 20.757 Thread 0x000001e46a6540c0 5866  s    2       org.eclipse.jdt.internal.core.JavaModelManager::getInfo (39 bytes)
Event: 20.758 Thread 0x000001e46a6540c0 nmethod 5866 0x000001e45988d590 code [0x000001e45988d780, 0x000001e45988db08]
Event: 20.770 Thread 0x000001e46a6540c0 5867       2       org.eclipse.jdt.internal.core.Openable::resource (28 bytes)
Event: 20.771 Thread 0x000001e46a6540c0 nmethod 5867 0x000001e45988ce90 code [0x000001e45988d080, 0x000001e45988d3b8]
Event: 20.792 Thread 0x000001e46a6540c0 5868       2       java.util.concurrent.locks.AbstractQueuedSynchronizer::tryAcquireSharedNanos (62 bytes)
Event: 20.792 Thread 0x000001e46a6540c0 nmethod 5868 0x000001e45988c710 code [0x000001e45988c900, 0x000001e45988ccd0]
Event: 20.795 Thread 0x000001e46a6540c0 5869       2       java.lang.invoke.LambdaForm$MH/0x000001e401017800::invoke (45 bytes)
Event: 20.796 Thread 0x000001e46a6540c0 nmethod 5869 0x000001e45988c190 code [0x000001e45988c360, 0x000001e45988c580]
Event: 20.802 Thread 0x000001e46a6540c0 5870       2       org.eclipse.jdt.internal.core.JavaProject::getPerProjectInfo (11 bytes)
Event: 20.803 Thread 0x000001e46a6540c0 nmethod 5870 0x000001e45988bd90 code [0x000001e45988bf40, 0x000001e45988c088]
Event: 20.803 Thread 0x000001e46a6540c0 5871       2       org.eclipse.jdt.internal.core.JavaModelManager::getPerProjectInfoCheckExistence (38 bytes)
Event: 20.803 Thread 0x000001e46a6540c0 nmethod 5871 0x000001e45988b510 code [0x000001e45988b720, 0x000001e45988bb10]
Event: 20.804 Thread 0x000001e46a6540c0 5872       2       java.util.EnumSet::noneOf (63 bytes)
Event: 20.805 Thread 0x000001e46a6540c0 nmethod 5872 0x000001e45988aa10 code [0x000001e45988ac40, 0x000001e45988b1b0]

GC Heap History (20 events):
Event: 17.519 GC heap before
{Heap before GC invocations=13 (full 1):
 PSYoungGen      total 24576K, used 24360K [0x00000000eab00000, 0x00000000ec780000, 0x0000000100000000)
  eden space 23040K, 100% used [0x00000000eab00000,0x00000000ec180000,0x00000000ec180000)
  from space 1536K, 85% used [0x00000000ec480000,0x00000000ec5ca2f8,0x00000000ec600000)
  to   space 1536K, 0% used [0x00000000ec600000,0x00000000ec600000,0x00000000ec780000)
 ParOldGen       total 68608K, used 15671K [0x00000000c0000000, 0x00000000c4300000, 0x00000000eab00000)
  object space 68608K, 22% used [0x00000000c0000000,0x00000000c0f4dfc8,0x00000000c4300000)
 Metaspace       used 33634K, committed 34560K, reserved 1114112K
  class space    used 3332K, committed 3712K, reserved 1048576K
}
Event: 17.522 GC heap after
{Heap after GC invocations=13 (full 1):
 PSYoungGen      total 24064K, used 1130K [0x00000000eab00000, 0x00000000ec780000, 0x0000000100000000)
  eden space 22528K, 0% used [0x00000000eab00000,0x00000000eab00000,0x00000000ec100000)
  from space 1536K, 73% used [0x00000000ec600000,0x00000000ec71a8e0,0x00000000ec780000)
  to   space 1536K, 0% used [0x00000000ec480000,0x00000000ec480000,0x00000000ec600000)
 ParOldGen       total 68608K, used 16723K [0x00000000c0000000, 0x00000000c4300000, 0x00000000eab00000)
  object space 68608K, 24% used [0x00000000c0000000,0x00000000c1054d48,0x00000000c4300000)
 Metaspace       used 33634K, committed 34560K, reserved 1114112K
  class space    used 3332K, committed 3712K, reserved 1048576K
}
Event: 18.057 GC heap before
{Heap before GC invocations=14 (full 1):
 PSYoungGen      total 24064K, used 12966K [0x00000000eab00000, 0x00000000ec780000, 0x0000000100000000)
  eden space 22528K, 52% used [0x00000000eab00000,0x00000000eb68f200,0x00000000ec100000)
  from space 1536K, 73% used [0x00000000ec600000,0x00000000ec71a8e0,0x00000000ec780000)
  to   space 1536K, 0% used [0x00000000ec480000,0x00000000ec480000,0x00000000ec600000)
 ParOldGen       total 68608K, used 16723K [0x00000000c0000000, 0x00000000c4300000, 0x00000000eab00000)
  object space 68608K, 24% used [0x00000000c0000000,0x00000000c1054d48,0x00000000c4300000)
 Metaspace       used 34826K, committed 35840K, reserved 1114112K
  class space    used 3470K, committed 3904K, reserved 1048576K
}
Event: 18.059 GC heap after
{Heap after GC invocations=14 (full 1):
 PSYoungGen      total 23040K, used 512K [0x00000000eab00000, 0x00000000ec680000, 0x0000000100000000)
  eden space 22528K, 0% used [0x00000000eab00000,0x00000000eab00000,0x00000000ec100000)
  from space 512K, 100% used [0x00000000ec480000,0x00000000ec500000,0x00000000ec500000)
  to   space 1024K, 0% used [0x00000000ec580000,0x00000000ec580000,0x00000000ec680000)
 ParOldGen       total 68608K, used 17694K [0x00000000c0000000, 0x00000000c4300000, 0x00000000eab00000)
  object space 68608K, 25% used [0x00000000c0000000,0x00000000c1147a70,0x00000000c4300000)
 Metaspace       used 34826K, committed 35840K, reserved 1114112K
  class space    used 3470K, committed 3904K, reserved 1048576K
}
Event: 18.059 GC heap before
{Heap before GC invocations=15 (full 2):
 PSYoungGen      total 23040K, used 512K [0x00000000eab00000, 0x00000000ec680000, 0x0000000100000000)
  eden space 22528K, 0% used [0x00000000eab00000,0x00000000eab00000,0x00000000ec100000)
  from space 512K, 100% used [0x00000000ec480000,0x00000000ec500000,0x00000000ec500000)
  to   space 1024K, 0% used [0x00000000ec580000,0x00000000ec580000,0x00000000ec680000)
 ParOldGen       total 68608K, used 17694K [0x00000000c0000000, 0x00000000c4300000, 0x00000000eab00000)
  object space 68608K, 25% used [0x00000000c0000000,0x00000000c1147a70,0x00000000c4300000)
 Metaspace       used 34826K, committed 35840K, reserved 1114112K
  class space    used 3470K, committed 3904K, reserved 1048576K
}
Event: 18.130 GC heap after
{Heap after GC invocations=15 (full 2):
 PSYoungGen      total 23040K, used 0K [0x00000000eab00000, 0x00000000ec680000, 0x0000000100000000)
  eden space 22528K, 0% used [0x00000000eab00000,0x00000000eab00000,0x00000000ec100000)
  from space 512K, 0% used [0x00000000ec480000,0x00000000ec480000,0x00000000ec500000)
  to   space 1024K, 0% used [0x00000000ec580000,0x00000000ec580000,0x00000000ec680000)
 ParOldGen       total 68608K, used 17543K [0x00000000c0000000, 0x00000000c4300000, 0x00000000eab00000)
  object space 68608K, 25% used [0x00000000c0000000,0x00000000c1121fa0,0x00000000c4300000)
 Metaspace       used 34816K, committed 35840K, reserved 1114112K
  class space    used 3467K, committed 3904K, reserved 1048576K
}
Event: 18.870 GC heap before
{Heap before GC invocations=16 (full 2):
 PSYoungGen      total 23040K, used 22528K [0x00000000eab00000, 0x00000000ec680000, 0x0000000100000000)
  eden space 22528K, 100% used [0x00000000eab00000,0x00000000ec100000,0x00000000ec100000)
  from space 512K, 0% used [0x00000000ec480000,0x00000000ec480000,0x00000000ec500000)
  to   space 1024K, 0% used [0x00000000ec580000,0x00000000ec580000,0x00000000ec680000)
 ParOldGen       total 68608K, used 17543K [0x00000000c0000000, 0x00000000c4300000, 0x00000000eab00000)
  object space 68608K, 25% used [0x00000000c0000000,0x00000000c1121fa0,0x00000000c4300000)
 Metaspace       used 36198K, committed 37248K, reserved 1114112K
  class space    used 3626K, committed 4032K, reserved 1048576K
}
Event: 18.873 GC heap after
{Heap after GC invocations=16 (full 2):
 PSYoungGen      total 23040K, used 992K [0x00000000eab00000, 0x00000000ec680000, 0x0000000100000000)
  eden space 22016K, 0% used [0x00000000eab00000,0x00000000eab00000,0x00000000ec080000)
  from space 1024K, 96% used [0x00000000ec580000,0x00000000ec678030,0x00000000ec680000)
  to   space 2048K, 0% used [0x00000000ec280000,0x00000000ec280000,0x00000000ec480000)
 ParOldGen       total 68608K, used 18148K [0x00000000c0000000, 0x00000000c4300000, 0x00000000eab00000)
  object space 68608K, 26% used [0x00000000c0000000,0x00000000c11b92f8,0x00000000c4300000)
 Metaspace       used 36198K, committed 37248K, reserved 1114112K
  class space    used 3626K, committed 4032K, reserved 1048576K
}
Event: 19.275 GC heap before
{Heap before GC invocations=17 (full 2):
 PSYoungGen      total 23040K, used 23008K [0x00000000eab00000, 0x00000000ec680000, 0x0000000100000000)
  eden space 22016K, 100% used [0x00000000eab00000,0x00000000ec080000,0x00000000ec080000)
  from space 1024K, 96% used [0x00000000ec580000,0x00000000ec678030,0x00000000ec680000)
  to   space 2048K, 0% used [0x00000000ec280000,0x00000000ec280000,0x00000000ec480000)
 ParOldGen       total 68608K, used 18148K [0x00000000c0000000, 0x00000000c4300000, 0x00000000eab00000)
  object space 68608K, 26% used [0x00000000c0000000,0x00000000c11b92f8,0x00000000c4300000)
 Metaspace       used 36973K, committed 38016K, reserved 1114112K
  class space    used 3721K, committed 4160K, reserved 1048576K
}
Event: 19.278 GC heap after
{Heap after GC invocations=17 (full 2):
 PSYoungGen      total 24064K, used 1632K [0x00000000eab00000, 0x00000000ec600000, 0x0000000100000000)
  eden space 22016K, 0% used [0x00000000eab00000,0x00000000eab00000,0x00000000ec080000)
  from space 2048K, 79% used [0x00000000ec280000,0x00000000ec418010,0x00000000ec480000)
  to   space 1536K, 0% used [0x00000000ec480000,0x00000000ec480000,0x00000000ec600000)
 ParOldGen       total 68608K, used 19097K [0x00000000c0000000, 0x00000000c4300000, 0x00000000eab00000)
  object space 68608K, 27% used [0x00000000c0000000,0x00000000c12a6680,0x00000000c4300000)
 Metaspace       used 36973K, committed 38016K, reserved 1114112K
  class space    used 3721K, committed 4160K, reserved 1048576K
}
Event: 19.815 GC heap before
{Heap before GC invocations=18 (full 2):
 PSYoungGen      total 24064K, used 23648K [0x00000000eab00000, 0x00000000ec600000, 0x0000000100000000)
  eden space 22016K, 100% used [0x00000000eab00000,0x00000000ec080000,0x00000000ec080000)
  from space 2048K, 79% used [0x00000000ec280000,0x00000000ec418010,0x00000000ec480000)
  to   space 1536K, 0% used [0x00000000ec480000,0x00000000ec480000,0x00000000ec600000)
 ParOldGen       total 68608K, used 19097K [0x00000000c0000000, 0x00000000c4300000, 0x00000000eab00000)
  object space 68608K, 27% used [0x00000000c0000000,0x00000000c12a6680,0x00000000c4300000)
 Metaspace       used 38253K, committed 39232K, reserved 1114112K
  class space    used 3897K, committed 4288K, reserved 1048576K
}
Event: 19.822 GC heap after
{Heap after GC invocations=18 (full 2):
 PSYoungGen      total 23552K, used 1506K [0x00000000eab00000, 0x00000000ec880000, 0x0000000100000000)
  eden space 22016K, 0% used [0x00000000eab00000,0x00000000eab00000,0x00000000ec080000)
  from space 1536K, 98% used [0x00000000ec480000,0x00000000ec5f8800,0x00000000ec600000)
  to   space 4096K, 0% used [0x00000000ec080000,0x00000000ec080000,0x00000000ec480000)
 ParOldGen       total 68608K, used 21208K [0x00000000c0000000, 0x00000000c4300000, 0x00000000eab00000)
  object space 68608K, 30% used [0x00000000c0000000,0x00000000c14b63a0,0x00000000c4300000)
 Metaspace       used 38253K, committed 39232K, reserved 1114112K
  class space    used 3897K, committed 4288K, reserved 1048576K
}
Event: 20.121 GC heap before
{Heap before GC invocations=19 (full 2):
 PSYoungGen      total 23552K, used 23522K [0x00000000eab00000, 0x00000000ec880000, 0x0000000100000000)
  eden space 22016K, 100% used [0x00000000eab00000,0x00000000ec080000,0x00000000ec080000)
  from space 1536K, 98% used [0x00000000ec480000,0x00000000ec5f8800,0x00000000ec600000)
  to   space 4096K, 0% used [0x00000000ec080000,0x00000000ec080000,0x00000000ec480000)
 ParOldGen       total 68608K, used 21208K [0x00000000c0000000, 0x00000000c4300000, 0x00000000eab00000)
  object space 68608K, 30% used [0x00000000c0000000,0x00000000c14b63a0,0x00000000c4300000)
 Metaspace       used 38655K, committed 39680K, reserved 1114112K
  class space    used 3941K, committed 4352K, reserved 1048576K
}
Event: 20.125 GC heap after
{Heap after GC invocations=19 (full 2):
 PSYoungGen      total 24064K, used 1952K [0x00000000eab00000, 0x00000000ec580000, 0x0000000100000000)
  eden space 22016K, 0% used [0x00000000eab00000,0x00000000eab00000,0x00000000ec080000)
  from space 2048K, 95% used [0x00000000ec080000,0x00000000ec268010,0x00000000ec280000)
  to   space 2560K, 0% used [0x00000000ec300000,0x00000000ec300000,0x00000000ec580000)
 ParOldGen       total 68608K, used 22719K [0x00000000c0000000, 0x00000000c4300000, 0x00000000eab00000)
  object space 68608K, 33% used [0x00000000c0000000,0x00000000c162fce0,0x00000000c4300000)
 Metaspace       used 38655K, committed 39680K, reserved 1114112K
  class space    used 3941K, committed 4352K, reserved 1048576K
}
Event: 20.331 GC heap before
{Heap before GC invocations=20 (full 2):
 PSYoungGen      total 24064K, used 23968K [0x00000000eab00000, 0x00000000ec580000, 0x0000000100000000)
  eden space 22016K, 100% used [0x00000000eab00000,0x00000000ec080000,0x00000000ec080000)
  from space 2048K, 95% used [0x00000000ec080000,0x00000000ec268010,0x00000000ec280000)
  to   space 2560K, 0% used [0x00000000ec300000,0x00000000ec300000,0x00000000ec580000)
 ParOldGen       total 68608K, used 22719K [0x00000000c0000000, 0x00000000c4300000, 0x00000000eab00000)
  object space 68608K, 33% used [0x00000000c0000000,0x00000000c162fce0,0x00000000c4300000)
 Metaspace       used 39074K, committed 40128K, reserved 1114112K
  class space    used 3986K, committed 4416K, reserved 1048576K
}
Event: 20.339 GC heap after
{Heap after GC invocations=20 (full 2):
 PSYoungGen      total 24064K, used 1907K [0x00000000eab00000, 0x00000000ec500000, 0x0000000100000000)
  eden space 22016K, 0% used [0x00000000eab00000,0x00000000eab00000,0x00000000ec080000)
  from space 2048K, 93% used [0x00000000ec300000,0x00000000ec4dccd8,0x00000000ec500000)
  to   space 2048K, 0% used [0x00000000ec080000,0x00000000ec080000,0x00000000ec280000)
 ParOldGen       total 68608K, used 24615K [0x00000000c0000000, 0x00000000c4300000, 0x00000000eab00000)
  object space 68608K, 35% used [0x00000000c0000000,0x00000000c1809cf0,0x00000000c4300000)
 Metaspace       used 39074K, committed 40128K, reserved 1114112K
  class space    used 3986K, committed 4416K, reserved 1048576K
}
Event: 20.528 GC heap before
{Heap before GC invocations=21 (full 2):
 PSYoungGen      total 24064K, used 23923K [0x00000000eab00000, 0x00000000ec500000, 0x0000000100000000)
  eden space 22016K, 100% used [0x00000000eab00000,0x00000000ec080000,0x00000000ec080000)
  from space 2048K, 93% used [0x00000000ec300000,0x00000000ec4dccd8,0x00000000ec500000)
  to   space 2048K, 0% used [0x00000000ec080000,0x00000000ec080000,0x00000000ec280000)
 ParOldGen       total 68608K, used 24615K [0x00000000c0000000, 0x00000000c4300000, 0x00000000eab00000)
  object space 68608K, 35% used [0x00000000c0000000,0x00000000c1809cf0,0x00000000c4300000)
 Metaspace       used 39422K, committed 40448K, reserved 1114112K
  class space    used 4030K, committed 4480K, reserved 1048576K
}
Event: 20.534 GC heap after
{Heap after GC invocations=21 (full 2):
 PSYoungGen      total 24064K, used 1956K [0x00000000eab00000, 0x00000000ec480000, 0x0000000100000000)
  eden space 22016K, 0% used [0x00000000eab00000,0x00000000eab00000,0x00000000ec080000)
  from space 2048K, 95% used [0x00000000ec080000,0x00000000ec269000,0x00000000ec280000)
  to   space 2048K, 0% used [0x00000000ec280000,0x00000000ec280000,0x00000000ec480000)
 ParOldGen       total 68608K, used 26385K [0x00000000c0000000, 0x00000000c4300000, 0x00000000eab00000)
  object space 68608K, 38% used [0x00000000c0000000,0x00000000c19c46b0,0x00000000c4300000)
 Metaspace       used 39422K, committed 40448K, reserved 1114112K
  class space    used 4030K, committed 4480K, reserved 1048576K
}
Event: 20.784 GC heap before
{Heap before GC invocations=22 (full 2):
 PSYoungGen      total 24064K, used 23972K [0x00000000eab00000, 0x00000000ec480000, 0x0000000100000000)
  eden space 22016K, 100% used [0x00000000eab00000,0x00000000ec080000,0x00000000ec080000)
  from space 2048K, 95% used [0x00000000ec080000,0x00000000ec269000,0x00000000ec280000)
  to   space 2048K, 0% used [0x00000000ec280000,0x00000000ec280000,0x00000000ec480000)
 ParOldGen       total 68608K, used 26385K [0x00000000c0000000, 0x00000000c4300000, 0x00000000eab00000)
  object space 68608K, 38% used [0x00000000c0000000,0x00000000c19c46b0,0x00000000c4300000)
 Metaspace       used 39674K, committed 40704K, reserved 1114112K
  class space    used 4061K, committed 4480K, reserved 1048576K
}
Event: 20.790 GC heap after
{Heap after GC invocations=22 (full 2):
 PSYoungGen      total 24064K, used 2016K [0x00000000eab00000, 0x00000000ec480000, 0x0000000100000000)
  eden space 22016K, 0% used [0x00000000eab00000,0x00000000eab00000,0x00000000ec080000)
  from space 2048K, 98% used [0x00000000ec280000,0x00000000ec478010,0x00000000ec480000)
  to   space 2048K, 0% used [0x00000000ec080000,0x00000000ec080000,0x00000000ec280000)
 ParOldGen       total 68608K, used 28359K [0x00000000c0000000, 0x00000000c4300000, 0x00000000eab00000)
  object space 68608K, 41% used [0x00000000c0000000,0x00000000c1bb1d28,0x00000000c4300000)
 Metaspace       used 39674K, committed 40704K, reserved 1114112K
  class space    used 4061K, committed 4480K, reserved 1048576K
}

Dll operation events (10 events):
Event: 0.019 Loaded shared library c:\Users\harisnaseer\.vscode\extensions\redhat.java-1.41.1-win32-x64\jre\21.0.6-win32-x86_64\bin\java.dll
Event: 0.291 Loaded shared library c:\Users\harisnaseer\.vscode\extensions\redhat.java-1.41.1-win32-x64\jre\21.0.6-win32-x86_64\bin\zip.dll
Event: 0.351 Loaded shared library C:\Users\harisnaseer\.vscode\extensions\redhat.java-1.41.1-win32-x64\jre\21.0.6-win32-x86_64\bin\instrument.dll
Event: 0.358 Loaded shared library C:\Users\harisnaseer\.vscode\extensions\redhat.java-1.41.1-win32-x64\jre\21.0.6-win32-x86_64\bin\net.dll
Event: 0.361 Loaded shared library C:\Users\harisnaseer\.vscode\extensions\redhat.java-1.41.1-win32-x64\jre\21.0.6-win32-x86_64\bin\nio.dll
Event: 0.382 Loaded shared library C:\Users\harisnaseer\.vscode\extensions\redhat.java-1.41.1-win32-x64\jre\21.0.6-win32-x86_64\bin\zip.dll
Event: 0.434 Loaded shared library C:\Users\harisnaseer\.vscode\extensions\redhat.java-1.41.1-win32-x64\jre\21.0.6-win32-x86_64\bin\jimage.dll
Event: 0.775 Loaded shared library c:\Users\harisnaseer\.vscode\extensions\redhat.java-1.41.1-win32-x64\jre\21.0.6-win32-x86_64\bin\verify.dll
Event: 4.976 Loaded shared library C:\Users\harisnaseer\AppData\Roaming\Code\User\globalStorage\redhat.java\1.41.1\config_win\org.eclipse.equinox.launcher\org.eclipse.equinox.launcher.win32.win32.x86_64_1.2.1300.v20250331-1702\eclipse_11911.dll
Event: 11.351 Loaded shared library C:\Users\harisnaseer\AppData\Local\Temp\jna-859814389\jna4392168471877493236.dll

Deoptimization events (20 events):
Event: 19.939 Thread 0x000001e46bcb5d20 Uncommon trap: trap_request=0xffffffd6 fr.pc=0x000001e460fac96c relative=0x00000000000000cc
Event: 19.939 Thread 0x000001e46bcb5d20 Uncommon trap: reason=array_check action=maybe_recompile pc=0x000001e460fac96c method=java.util.stream.Nodes$FixedNodeBuilder.accept(Ljava/lang/Object;)V @ 28 c2
Event: 19.939 Thread 0x000001e46bcb5d20 DEOPT PACKING pc=0x000001e460fac96c sp=0x000000689bafe110
Event: 19.939 Thread 0x000001e46bcb5d20 DEOPT UNPACKING pc=0x000001e460a23aa2 sp=0x000000689bafe090 mode 2
Event: 20.317 Thread 0x000001e46bcb5d20 Uncommon trap: trap_request=0xffffff45 fr.pc=0x000001e4611c5110 relative=0x0000000000000c90
Event: 20.317 Thread 0x000001e46bcb5d20 Uncommon trap: reason=unstable_if action=reinterpret pc=0x000001e4611c5110 method=java.util.TreeMap.put(Ljava/lang/Object;Ljava/lang/Object;Z)Ljava/lang/Object; @ 27 c2
Event: 20.317 Thread 0x000001e46bcb5d20 DEOPT PACKING pc=0x000001e4611c5110 sp=0x000000689bafdea0
Event: 20.317 Thread 0x000001e46bcb5d20 DEOPT UNPACKING pc=0x000001e460a23aa2 sp=0x000000689bafde50 mode 2
Event: 20.350 Thread 0x000001e46bcb5000 Uncommon trap: trap_request=0xffffff45 fr.pc=0x000001e461067240 relative=0x00000000000004a0
Event: 20.350 Thread 0x000001e46bcb5000 Uncommon trap: reason=unstable_if action=reinterpret pc=0x000001e461067240 method=java.util.ArrayList.equalsRange(Ljava/util/List;II)Z @ 41 c2
Event: 20.350 Thread 0x000001e46bcb5000 DEOPT PACKING pc=0x000001e461067240 sp=0x000000689b8fd7b0
Event: 20.350 Thread 0x000001e46bcb5000 DEOPT UNPACKING pc=0x000001e460a23aa2 sp=0x000000689b8fd750 mode 2
Event: 20.411 Thread 0x000001e46bcb5d20 Uncommon trap: trap_request=0xffffff45 fr.pc=0x000001e4610ae68c relative=0x000000000000022c
Event: 20.411 Thread 0x000001e46bcb5d20 Uncommon trap: reason=unstable_if action=reinterpret pc=0x000001e4610ae68c method=java.lang.ClassLoader.checkName(Ljava/lang/String;)Z @ 1 c2
Event: 20.411 Thread 0x000001e46bcb5d20 DEOPT PACKING pc=0x000001e4610ae68c sp=0x000000689bafdca0
Event: 20.411 Thread 0x000001e46bcb5d20 DEOPT UNPACKING pc=0x000001e460a23aa2 sp=0x000000689bafdc38 mode 2
Event: 20.411 Thread 0x000001e46bcb5d20 Uncommon trap: trap_request=0xffffff45 fr.pc=0x000001e46101ca70 relative=0x0000000000000f30
Event: 20.411 Thread 0x000001e46bcb5d20 Uncommon trap: reason=unstable_if action=reinterpret pc=0x000001e46101ca70 method=lombok.patcher.ScriptManager$OurClassFileTransformer.transform(Ljava/lang/ClassLoader;Ljava/lang/String;Ljava/lang/Class;Ljava/security/ProtectionDomain;[B)[B @ 1 c2
Event: 20.411 Thread 0x000001e46bcb5d20 DEOPT PACKING pc=0x000001e46101ca70 sp=0x000000689bafc800
Event: 20.412 Thread 0x000001e46bcb5d20 DEOPT UNPACKING pc=0x000001e460a23aa2 sp=0x000000689bafc798 mode 2

Classes loaded (20 events):
Event: 18.553 Loading class sun/reflect/generics/scope/ConstructorScope
Event: 18.553 Loading class sun/reflect/generics/scope/ConstructorScope done
Event: 18.553 Loading class sun/reflect/generics/repository/ConstructorRepository
Event: 18.553 Loading class sun/reflect/generics/repository/ConstructorRepository done
Event: 18.554 Loading class sun/reflect/generics/tree/VoidDescriptor
Event: 18.554 Loading class sun/reflect/generics/tree/VoidDescriptor done
Event: 18.554 Loading class sun/reflect/generics/tree/MethodTypeSignature
Event: 18.554 Loading class sun/reflect/generics/tree/MethodTypeSignature done
Event: 18.998 Loading class java/util/concurrent/CompletionService
Event: 18.999 Loading class java/util/concurrent/CompletionService done
Event: 19.596 Loading class java/nio/channels/ServerSocketChannel
Event: 19.596 Loading class java/nio/channels/ServerSocketChannel done
Event: 19.695 Loading class java/nio/channels/Channels$ReadableByteChannelImpl
Event: 19.696 Loading class java/nio/channels/Channels$ReadableByteChannelImpl done
Event: 19.696 Loading class java/nio/channels/NonWritableChannelException
Event: 19.696 Loading class java/nio/channels/NonWritableChannelException done
Event: 19.771 Loading class sun/reflect/generics/repository/FieldRepository
Event: 19.771 Loading class sun/reflect/generics/repository/FieldRepository done
Event: 20.256 Loading class java/lang/ExceptionInInitializerError
Event: 20.257 Loading class java/lang/ExceptionInInitializerError done

Classes unloaded (13 events):
Event: 13.356 Thread 0x000001e45636be70 Unloading class 0x000001e4011a0c00 'java/lang/invoke/LambdaForm$MH+0x000001e4011a0c00'
Event: 13.357 Thread 0x000001e45636be70 Unloading class 0x000001e4011a0800 'java/lang/invoke/LambdaForm$MH+0x000001e4011a0800'
Event: 13.357 Thread 0x000001e45636be70 Unloading class 0x000001e4011a0400 'java/lang/invoke/LambdaForm$MH+0x000001e4011a0400'
Event: 13.357 Thread 0x000001e45636be70 Unloading class 0x000001e4011a0000 'java/lang/invoke/LambdaForm$MH+0x000001e4011a0000'
Event: 13.357 Thread 0x000001e45636be70 Unloading class 0x000001e40119fc00 'java/lang/invoke/LambdaForm$BMH+0x000001e40119fc00'
Event: 13.357 Thread 0x000001e45636be70 Unloading class 0x000001e40119f800 'java/lang/invoke/LambdaForm$DMH+0x000001e40119f800'
Event: 13.357 Thread 0x000001e45636be70 Unloading class 0x000001e40119e400 'java/lang/invoke/LambdaForm$DMH+0x000001e40119e400'
Event: 18.071 Thread 0x000001e45636be70 Unloading class 0x000001e4012ab800 'java/lang/invoke/LambdaForm$MH+0x000001e4012ab800'
Event: 18.071 Thread 0x000001e45636be70 Unloading class 0x000001e4012aac00 'java/lang/invoke/LambdaForm$MH+0x000001e4012aac00'
Event: 18.071 Thread 0x000001e45636be70 Unloading class 0x000001e4012aa800 'java/lang/invoke/LambdaForm$MH+0x000001e4012aa800'
Event: 18.071 Thread 0x000001e45636be70 Unloading class 0x000001e4012a9c00 'java/lang/invoke/LambdaForm$MH+0x000001e4012a9c00'
Event: 18.071 Thread 0x000001e45636be70 Unloading class 0x000001e4012a9800 'java/lang/invoke/LambdaForm$DMH+0x000001e4012a9800'
Event: 18.072 Thread 0x000001e45636be70 Unloading class 0x000001e4012a8c00 'java/lang/invoke/LambdaForm$MH+0x000001e4012a8c00'

Classes redefined (0 events):
No events

Internal exceptions (20 events):
Event: 17.259 Thread 0x000001e46bcb5000 Exception <a 'sun/nio/fs/WindowsException'{0x00000000eba1c628}> (0x00000000eba1c628) 
thrown [s\src\hotspot\share\prims\jni.cpp, line 520]
Event: 17.260 Thread 0x000001e46bcb5000 Exception <a 'sun/nio/fs/WindowsException'{0x00000000eba1d258}> (0x00000000eba1d258) 
thrown [s\src\hotspot\share\prims\jni.cpp, line 520]
Event: 17.260 Thread 0x000001e46bcb5000 Exception <a 'sun/nio/fs/WindowsException'{0x00000000eba1db38}> (0x00000000eba1db38) 
thrown [s\src\hotspot\share\prims\jni.cpp, line 520]
Event: 17.265 Thread 0x000001e46bcb5000 Exception <a 'sun/nio/fs/WindowsException'{0x00000000eba3e410}> (0x00000000eba3e410) 
thrown [s\src\hotspot\share\prims\jni.cpp, line 520]
Event: 17.266 Thread 0x000001e46bcb5000 Exception <a 'sun/nio/fs/WindowsException'{0x00000000eba3ecf0}> (0x00000000eba3ecf0) 
thrown [s\src\hotspot\share\prims\jni.cpp, line 520]
Event: 17.269 Thread 0x000001e46bcb5000 Exception <a 'java/lang/NoSuchMethodError'{0x00000000eba88778}: 'void java.lang.invoke.DirectMethodHandle$Holder.invokeVirtual(java.lang.Object, java.lang.Object, java.lang.Object, java.lang.Object)'> (0x00000000eba88778) 
thrown [s\src\hotspot\share\interpreter\linkResolver.cpp, line 773]
Event: 17.280 Thread 0x000001e46befaa50 Exception <a 'java/lang/ClassNotFoundException'{0x00000000eb930260}: com/sun/org/apache/xml/internal/serializer/spi/XMLEntitiesProvider> (0x00000000eb930260) 
thrown [s\src\hotspot\share\classfile\systemDictionary.cpp, line 312]
Event: 17.897 Thread 0x000001e46bcb5000 Exception <a 'java/lang/NoSuchMethodError'{0x00000000eb07b450}: 'java.lang.Object java.lang.invoke.DelegatingMethodHandle$Holder.reinvoke_L(java.lang.Object, int, long, java.lang.Object, java.lang.Object, int, java.lang.Object)'> (0x00000000eb07b450) 
thrown [s\src\hotspot\share\interpreter\linkResolver.cpp, line 773]
Event: 18.543 Thread 0x000001e46bcb5000 Exception <a 'java/lang/NoSuchMethodError'{0x00000000eb558110}: 'java.lang.Object java.lang.invoke.Invokers$Holder.invoke_MT(java.lang.Object, java.lang.Object, java.lang.Object, java.lang.Object, java.lang.Object, java.lang.Object, java.lang.Object, java.lang.Object, java.lang.Object, java.lang.Object)'> (0x00000000eb558110) 
thrown [s\src\hotspot\share\interpreter\linkResolver.cpp, line 773]
Event: 19.675 Thread 0x000001e46bcb5000 Exception <a 'java/io/FileNotFoundException'{0x00000000ebb99008}> (0x00000000ebb99008) 
thrown [s\src\hotspot\share\prims\jni.cpp, line 520]
Event: 19.676 Thread 0x000001e46bcb5000 Exception <a 'java/io/FileNotFoundException'{0x00000000ebb9a548}> (0x00000000ebb9a548) 
thrown [s\src\hotspot\share\prims\jni.cpp, line 520]
Event: 19.678 Thread 0x000001e46bcb5000 Exception <a 'java/lang/NoSuchMethodError'{0x00000000ebbae958}: 'java.lang.Object java.lang.invoke.DirectMethodHandle$Holder.newInvokeSpecial(java.lang.Object, java.lang.Object, java.lang.Object, int)'> (0x00000000ebbae958) 
thrown [s\src\hotspot\share\interpreter\linkResolver.cpp, line 773]
Event: 19.678 Thread 0x000001e46bcb5000 Exception <a 'java/lang/NoSuchMethodError'{0x00000000ebbdc5f0}: 'java.lang.Object java.lang.invoke.DirectMethodHandle$Holder.invokeSpecial(java.lang.Object, java.lang.Object, java.lang.Object, java.lang.Object, int)'> (0x00000000ebbdc5f0) 
thrown [s\src\hotspot\share\interpreter\linkResolver.cpp, line 773]
Event: 19.679 Thread 0x000001e46bcb5000 Exception <a 'java/lang/NoSuchMethodError'{0x00000000ebbdfd48}: 'java.lang.Object java.lang.invoke.Invokers$Holder.linkToTargetMethod(java.lang.Object, java.lang.Object, int, java.lang.Object)'> (0x00000000ebbdfd48) 
thrown [s\src\hotspot\share\interpreter\linkResolver.cpp, line 773]
Event: 19.681 Thread 0x000001e46bcb5000 Exception <a 'java/lang/NoSuchMethodError'{0x00000000ebbebc70}: 'void java.lang.invoke.DirectMethodHandle$Holder.invokeStaticInit(java.lang.Object, java.lang.Object, java.lang.Object)'> (0x00000000ebbebc70) 
thrown [s\src\hotspot\share\interpreter\linkResolver.cpp, line 773]
Event: 20.258 Thread 0x000001e46bcb5d20 Exception <a 'java/lang/ExceptionInInitializerError'{0x00000000eb9a19e0}> (0x00000000eb9a19e0) 
thrown [s\src\hotspot\share\oops\instanceKlass.cpp, line 1220]
Event: 20.317 Thread 0x000001e46bcb5d20 Implicit null exception at 0x000001e4611c44e1 to 0x000001e4611c50f4
Event: 20.411 Thread 0x000001e46bcb5d20 Implicit null exception at 0x000001e4610ae47e to 0x000001e4610ae67c
Event: 20.411 Thread 0x000001e46bcb5d20 Implicit null exception at 0x000001e46101bb9c to 0x000001e46101ca60
Event: 20.415 Thread 0x000001e46bcb5d20 Exception <a 'java/lang/NoSuchMethodError'{0x00000000eb6ce198}: 'java.lang.Object java.lang.invoke.Invokers$Holder.invokeExact_MT(java.lang.Object, int, java.lang.Object)'> (0x00000000eb6ce198) 
thrown [s\src\hotspot\share\interpreter\linkResolver.cpp, line 773]

ZGC Phase Switch (0 events):
No events

VM Operations (20 events):
Event: 18.526 Executing VM operation: HandshakeAllThreads (Deoptimize)
Event: 18.526 Executing VM operation: HandshakeAllThreads (Deoptimize) done
Event: 18.821 Executing VM operation: ParallelGCFailedAllocation (Allocation Failure)
Event: 18.873 Executing VM operation: ParallelGCFailedAllocation (Allocation Failure) done
Event: 19.228 Executing VM operation: ParallelGCFailedAllocation (Allocation Failure)
Event: 19.278 Executing VM operation: ParallelGCFailedAllocation (Allocation Failure) done
Event: 19.380 Executing VM operation: HandshakeAllThreads (Deoptimize)
Event: 19.380 Executing VM operation: HandshakeAllThreads (Deoptimize) done
Event: 19.810 Executing VM operation: ParallelGCFailedAllocation (Allocation Failure)
Event: 19.822 Executing VM operation: ParallelGCFailedAllocation (Allocation Failure) done
Event: 20.118 Executing VM operation: ParallelGCFailedAllocation (Allocation Failure)
Event: 20.125 Executing VM operation: ParallelGCFailedAllocation (Allocation Failure) done
Event: 20.331 Executing VM operation: ParallelGCFailedAllocation (Allocation Failure)
Event: 20.339 Executing VM operation: ParallelGCFailedAllocation (Allocation Failure) done
Event: 20.527 Executing VM operation: ParallelGCFailedAllocation (Allocation Failure)
Event: 20.534 Executing VM operation: ParallelGCFailedAllocation (Allocation Failure) done
Event: 20.578 Executing VM operation: HandshakeAllThreads (Deoptimize)
Event: 20.579 Executing VM operation: HandshakeAllThreads (Deoptimize) done
Event: 20.780 Executing VM operation: ParallelGCFailedAllocation (Allocation Failure)
Event: 20.790 Executing VM operation: ParallelGCFailedAllocation (Allocation Failure) done

Memory protections (0 events):
No events

Nmethod flushes (20 events):
Event: 18.087 Thread 0x000001e45636be70 flushing  nmethod 0x000001e459b79e90
Event: 18.087 Thread 0x000001e45636be70 flushing  nmethod 0x000001e459b7a390
Event: 18.087 Thread 0x000001e45636be70 flushing  nmethod 0x000001e459b7a890
Event: 18.087 Thread 0x000001e45636be70 flushing  nmethod 0x000001e459b7ac90
Event: 18.087 Thread 0x000001e45636be70 flushing  nmethod 0x000001e459b7b810
Event: 18.087 Thread 0x000001e45636be70 flushing  nmethod 0x000001e459b7c090
Event: 18.087 Thread 0x000001e45636be70 flushing  nmethod 0x000001e459b7db10
Event: 18.087 Thread 0x000001e45636be70 flushing  nmethod 0x000001e459b7de10
Event: 18.087 Thread 0x000001e45636be70 flushing  nmethod 0x000001e459b7ea90
Event: 18.087 Thread 0x000001e45636be70 flushing  nmethod 0x000001e459b87a90
Event: 18.087 Thread 0x000001e45636be70 flushing  nmethod 0x000001e459bace10
Event: 18.087 Thread 0x000001e45636be70 flushing  nmethod 0x000001e459bb1990
Event: 18.087 Thread 0x000001e45636be70 flushing  nmethod 0x000001e459bb2e10
Event: 18.087 Thread 0x000001e45636be70 flushing  nmethod 0x000001e459bba410
Event: 18.087 Thread 0x000001e45636be70 flushing  nmethod 0x000001e459bc1210
Event: 18.087 Thread 0x000001e45636be70 flushing  nmethod 0x000001e459bce990
Event: 18.087 Thread 0x000001e45636be70 flushing  nmethod 0x000001e459bcee90
Event: 18.087 Thread 0x000001e45636be70 flushing  nmethod 0x000001e459c10510
Event: 18.087 Thread 0x000001e45636be70 flushing osr nmethod 0x000001e459c41310
Event: 18.087 Thread 0x000001e45636be70 flushing  nmethod 0x000001e459c43810

Events (20 events):
Event: 1.387 Thread 0x000001e46a6540c0 Thread added: 0x000001e46b6b3a80
Event: 2.127 Thread 0x000001e46b6b3a80 Thread exited: 0x000001e46b6b3a80
Event: 3.004 Thread 0x000001e46a5e33a0 Thread added: 0x000001e46bd5ccb0
Event: 3.971 Thread 0x000001e4562a9250 Thread added: 0x000001e46bddf730
Event: 4.018 Thread 0x000001e46bd5ccb0 Thread exited: 0x000001e46bd5ccb0
Event: 4.968 Thread 0x000001e4562a9250 Thread added: 0x000001e46bf4dc70
Event: 5.130 Thread 0x000001e46bf4dc70 Thread added: 0x000001e46bdab720
Event: 5.175 Thread 0x000001e4562a9250 Thread added: 0x000001e46befaa50
Event: 6.639 Thread 0x000001e46befaa50 Thread added: 0x000001e470331890
Event: 7.363 Thread 0x000001e46befaa50 Thread added: 0x000001e46a649e80
Event: 7.915 Thread 0x000001e46befaa50 Thread added: 0x000001e46bcb5690
Event: 9.472 Thread 0x000001e46befaa50 Thread added: 0x000001e46bcb70d0
Event: 11.407 Thread 0x000001e46befaa50 Thread added: 0x000001e46bcb7760
Event: 11.527 Thread 0x000001e46befaa50 Thread added: 0x000001e46bcb5000
Event: 11.609 Thread 0x000001e46befaa50 Thread added: 0x000001e46bcb63b0
Event: 11.848 Thread 0x000001e46bcb63b0 Thread added: 0x000001e46bcb5d20
Event: 14.246 Thread 0x000001e46bcb5000 Thread added: 0x000001e46bcb6a40
Event: 16.150 Thread 0x000001e46befaa50 Thread added: 0x000001e46bcb4970
Event: 16.152 Thread 0x000001e46bcb6a40 Thread added: 0x000001e4717a00e0
Event: 18.270 Thread 0x000001e46bcb5690 Thread exited: 0x000001e46bcb5690


Dynamic libraries:
0x00007ff681240000 - 0x00007ff68124e000 	c:\Users\harisnaseer\.vscode\extensions\redhat.java-1.41.1-win32-x64\jre\21.0.6-win32-x86_64\bin\java.exe
0x00007ffa81fa0000 - 0x00007ffa82190000 	C:\Windows\SYSTEM32\ntdll.dll
0x00007ffa80ca0000 - 0x00007ffa80d52000 	C:\Windows\System32\KERNEL32.DLL
0x00007ffa7f6b0000 - 0x00007ffa7f953000 	C:\Windows\System32\KERNELBASE.dll
0x00007ffa7fd20000 - 0x00007ffa7fe1a000 	C:\Windows\System32\ucrtbase.dll
0x00007ffa7b560000 - 0x00007ffa7b578000 	c:\Users\harisnaseer\.vscode\extensions\redhat.java-1.41.1-win32-x64\jre\21.0.6-win32-x86_64\bin\jli.dll
0x00007ffa81d10000 - 0x00007ffa81ea3000 	C:\Windows\System32\USER32.dll
0x00007ffa7ffc0000 - 0x00007ffa7ffe1000 	C:\Windows\System32\win32u.dll
0x00007ffa80c70000 - 0x00007ffa80c96000 	C:\Windows\System32\GDI32.dll
0x00007ffa7fb80000 - 0x00007ffa7fd14000 	C:\Windows\System32\gdi32full.dll
0x00007ffa7fed0000 - 0x00007ffa7ff6e000 	C:\Windows\System32\msvcp_win.dll
0x00007ffa5ff40000 - 0x00007ffa5ff5e000 	c:\Users\harisnaseer\.vscode\extensions\redhat.java-1.41.1-win32-x64\jre\21.0.6-win32-x86_64\bin\VCRUNTIME140.dll
0x00007ffa62200000 - 0x00007ffa62485000 	C:\Windows\WinSxS\amd64_microsoft.windows.common-controls_6595b64144ccf1df_6.0.18362.295_none_e6c3acbd13101292\COMCTL32.dll
0x00007ffa81730000 - 0x00007ffa817ce000 	C:\Windows\System32\msvcrt.dll
0x00007ffa80930000 - 0x00007ffa80c66000 	C:\Windows\System32\combase.dll
0x00007ffa817d0000 - 0x00007ffa818f0000 	C:\Windows\System32\RPCRT4.dll
0x00007ffa7f960000 - 0x00007ffa7f9e0000 	C:\Windows\System32\bcryptPrimitives.dll
0x00007ffa81aa0000 - 0x00007ffa81ace000 	C:\Windows\System32\IMM32.DLL
0x00007ffa7b5f0000 - 0x00007ffa7b5fc000 	c:\Users\harisnaseer\.vscode\extensions\redhat.java-1.41.1-win32-x64\jre\21.0.6-win32-x86_64\bin\vcruntime140_1.dll
0x00007ffa233e0000 - 0x00007ffa2346d000 	c:\Users\harisnaseer\.vscode\extensions\redhat.java-1.41.1-win32-x64\jre\21.0.6-win32-x86_64\bin\msvcp140.dll
0x00007ffa16130000 - 0x00007ffa16ec0000 	c:\Users\harisnaseer\.vscode\extensions\redhat.java-1.41.1-win32-x64\jre\21.0.6-win32-x86_64\bin\server\jvm.dll
0x00007ffa806c0000 - 0x00007ffa80763000 	C:\Windows\System32\ADVAPI32.dll
0x00007ffa81ad0000 - 0x00007ffa81b67000 	C:\Windows\System32\sechost.dll
0x00007ffa7ee80000 - 0x00007ffa7eeca000 	C:\Windows\System32\POWRPROF.dll
0x00007ffa7ee70000 - 0x00007ffa7ee80000 	C:\Windows\System32\UMPDC.dll
0x00007ffa816c0000 - 0x00007ffa8172f000 	C:\Windows\System32\WS2_32.dll
0x00007ffa7cc50000 - 0x00007ffa7cc74000 	C:\Windows\SYSTEM32\WINMM.dll
0x00007ffa766a0000 - 0x00007ffa766aa000 	C:\Windows\SYSTEM32\VERSION.dll
0x00007ffa7cc20000 - 0x00007ffa7cc4d000 	C:\Windows\SYSTEM32\WINMMBASE.dll
0x00007ffa7ff70000 - 0x00007ffa7ffba000 	C:\Windows\System32\cfgmgr32.dll
0x00007ffa7eed0000 - 0x00007ffa7eee1000 	C:\Windows\System32\kernel.appcore.dll
0x00007ffa5ff30000 - 0x00007ffa5ff3a000 	c:\Users\harisnaseer\.vscode\extensions\redhat.java-1.41.1-win32-x64\jre\21.0.6-win32-x86_64\bin\jimage.dll
0x00007ffa752c0000 - 0x00007ffa754b4000 	C:\Windows\SYSTEM32\DBGHELP.DLL
0x00007ffa751d0000 - 0x00007ffa751fa000 	C:\Windows\SYSTEM32\dbgcore.DLL
0x00007ffa74a80000 - 0x00007ffa74a8f000 	c:\Users\harisnaseer\.vscode\extensions\redhat.java-1.41.1-win32-x64\jre\21.0.6-win32-x86_64\bin\instrument.dll
0x00007ffa5e4b0000 - 0x00007ffa5e4cf000 	c:\Users\harisnaseer\.vscode\extensions\redhat.java-1.41.1-win32-x64\jre\21.0.6-win32-x86_64\bin\java.dll
0x00007ffa80d80000 - 0x00007ffa81462000 	C:\Windows\System32\SHELL32.dll
0x00007ffa81eb0000 - 0x00007ffa81f59000 	C:\Windows\System32\shcore.dll
0x00007ffa7ef30000 - 0x00007ffa7f6ac000 	C:\Windows\System32\windows.storage.dll
0x00007ffa7ef10000 - 0x00007ffa7ef2f000 	C:\Windows\System32\profapi.dll
0x00007ffa80590000 - 0x00007ffa805e2000 	C:\Windows\System32\shlwapi.dll
0x00007ffa7f9e0000 - 0x00007ffa7f9f7000 	C:\Windows\System32\cryptsp.dll
0x00007ffa5de80000 - 0x00007ffa5de98000 	c:\Users\harisnaseer\.vscode\extensions\redhat.java-1.41.1-win32-x64\jre\21.0.6-win32-x86_64\bin\zip.dll
0x00007ffa5ff20000 - 0x00007ffa5ff30000 	C:\Users\harisnaseer\.vscode\extensions\redhat.java-1.41.1-win32-x64\jre\21.0.6-win32-x86_64\bin\net.dll
0x00007ffa773a0000 - 0x00007ffa77490000 	C:\Windows\SYSTEM32\WINHTTP.dll
0x00007ffa7e680000 - 0x00007ffa7e6e7000 	C:\Windows\system32\mswsock.dll
0x00007ffa5de60000 - 0x00007ffa5de76000 	C:\Users\harisnaseer\.vscode\extensions\redhat.java-1.41.1-win32-x64\jre\21.0.6-win32-x86_64\bin\nio.dll
0x00007ffa5ff80000 - 0x00007ffa5ff90000 	c:\Users\harisnaseer\.vscode\extensions\redhat.java-1.41.1-win32-x64\jre\21.0.6-win32-x86_64\bin\verify.dll
0x00007ffa410d0000 - 0x00007ffa41115000 	C:\Users\harisnaseer\AppData\Roaming\Code\User\globalStorage\redhat.java\1.41.1\config_win\org.eclipse.equinox.launcher\org.eclipse.equinox.launcher.win32.win32.x86_64_1.2.1300.v20250331-1702\eclipse_11911.dll
0x00007ffa81560000 - 0x00007ffa816b6000 	C:\Windows\System32\ole32.dll
0x00007ffa7e1f0000 - 0x00007ffa7e223000 	C:\Windows\system32\rsaenh.dll
0x00007ffa7fb50000 - 0x00007ffa7fb76000 	C:\Windows\System32\bcrypt.dll
0x00007ffa7ed90000 - 0x00007ffa7edb5000 	C:\Windows\SYSTEM32\USERENV.dll
0x00007ffa7e850000 - 0x00007ffa7e85c000 	C:\Windows\SYSTEM32\CRYPTBASE.dll
0x00007ffa7e390000 - 0x00007ffa7e3ca000 	C:\Windows\SYSTEM32\IPHLPAPI.DLL
0x00007ffa80d70000 - 0x00007ffa80d78000 	C:\Windows\System32\NSI.dll
0x00007ffa4c230000 - 0x00007ffa4c279000 	C:\Users\harisnaseer\AppData\Local\Temp\jna-859814389\jna4392168471877493236.dll
0x00007ffa81470000 - 0x00007ffa81478000 	C:\Windows\System32\PSAPI.DLL

dbghelp: loaded successfully - version: 4.0.5 - missing functions: none
symbol engine: initialized successfully - sym options: 0x614 - pdb path: .;c:\Users\harisnaseer\.vscode\extensions\redhat.java-1.41.1-win32-x64\jre\21.0.6-win32-x86_64\bin;C:\Windows\SYSTEM32;C:\Windows\WinSxS\amd64_microsoft.windows.common-controls_6595b64144ccf1df_6.0.18362.295_none_e6c3acbd13101292;c:\Users\harisnaseer\.vscode\extensions\redhat.java-1.41.1-win32-x64\jre\21.0.6-win32-x86_64\bin\server;C:\Users\harisnaseer\AppData\Roaming\Code\User\globalStorage\redhat.java\1.41.1\config_win\org.eclipse.equinox.launcher\org.eclipse.equinox.launcher.win32.win32.x86_64_1.2.1300.v20250331-1702;C:\Users\harisnaseer\AppData\Local\Temp\jna-859814389

VM Arguments:
jvm_args: --add-modules=ALL-SYSTEM --add-opens=java.base/java.util=ALL-UNNAMED --add-opens=java.base/java.lang=ALL-UNNAMED --add-opens=java.base/sun.nio.fs=ALL-UNNAMED -Declipse.application=org.eclipse.jdt.ls.core.id1 -Dosgi.bundles.defaultStartLevel=4 -Declipse.product=org.eclipse.jdt.ls.core.product -Djava.import.generatesMetadataFilesAtProjectRoot=false -DDetectVMInstallationsJob.disabled=true -Dfile.encoding=utf8 -XX:+UseParallelGC -XX:GCTimeRatio=4 -XX:AdaptiveSizePolicyWeight=90 -Dsun.zip.disableMemoryMapping=true -Xmx1G -Xms100m -Xlog:disable -javaagent:c:\Users\harisnaseer\.vscode\extensions\redhat.java-1.41.1-win32-x64\lombok\lombok-1.18.36.jar -XX:+HeapDumpOnOutOfMemoryError -XX:HeapDumpPath=c:\Users\harisnaseer\AppData\Roaming\Code\User\workspaceStorage\504e6ecccf0c23e0a27ee28e65a1aba0\redhat.java -Daether.dependencyCollector.impl=bf 
java_command: c:\Users\harisnaseer\.vscode\extensions\redhat.java-1.41.1-win32-x64\server\plugins\org.eclipse.equinox.launcher_1.7.0.v20250331-1702.jar -configuration c:\Users\harisnaseer\AppData\Roaming\Code\User\globalStorage\redhat.java\1.41.1\config_win -data c:\Users\harisnaseer\AppData\Roaming\Code\User\workspaceStorage\504e6ecccf0c23e0a27ee28e65a1aba0\redhat.java\jdt_ws --pipe=\\.\pipe\lsp-5fd62f1ddfd2120b4752e33639dcf170-sock
java_class_path (initial): c:\Users\harisnaseer\.vscode\extensions\redhat.java-1.41.1-win32-x64\server\plugins\org.eclipse.equinox.launcher_1.7.0.v20250331-1702.jar
Launcher Type: SUN_STANDARD

[Global flags]
    uintx AdaptiveSizePolicyWeight                 = 90                                        {product} {command line}
     intx CICompilerCount                          = 3                                         {product} {ergonomic}
    uintx GCTimeRatio                              = 4                                         {product} {command line}
     bool HeapDumpOnOutOfMemoryError               = true                                   {manageable} {command line}
    ccstr HeapDumpPath                             = c:\Users\harisnaseer\AppData\Roaming\Code\User\workspaceStorage\504e6ecccf0c23e0a27ee28e65a1aba0\redhat.java         {manageable} {command line}
   size_t InitialHeapSize                          = 104857600                                 {product} {command line}
   size_t MaxHeapSize                              = 1073741824                                {product} {command line}
   size_t MaxNewSize                               = 357564416                                 {product} {ergonomic}
   size_t MinHeapDeltaBytes                        = 524288                                    {product} {ergonomic}
   size_t MinHeapSize                              = 104857600                                 {product} {command line}
   size_t NewSize                                  = 34603008                                  {product} {ergonomic}
    uintx NonNMethodCodeHeapSize                   = 5832780                                {pd product} {ergonomic}
    uintx NonProfiledCodeHeapSize                  = 122912730                              {pd product} {ergonomic}
   size_t OldSize                                  = 70254592                                  {product} {ergonomic}
    uintx ProfiledCodeHeapSize                     = 122912730                              {pd product} {ergonomic}
    uintx ReservedCodeCacheSize                    = 251658240                              {pd product} {ergonomic}
     bool SegmentedCodeCache                       = true                                      {product} {ergonomic}
   size_t SoftMaxHeapSize                          = 1073741824                             {manageable} {ergonomic}
     bool UseCompressedOops                        = true                           {product lp64_product} {ergonomic}
     bool UseLargePagesIndividualAllocation        = false                                  {pd product} {ergonomic}
     bool UseParallelGC                            = true                                      {product} {command line}

Logging:
Log output configuration:
 #0: stdout all=off uptime,level,tags foldmultilines=false
 #1: stderr all=off uptime,level,tags foldmultilines=false

Environment Variables:
JAVA_HOME=C:\Program Files\Java\jdk-23
PATH=C:\Program Files\Common Files\Oracle\Java\javapath;C:\Windows\system32;C:\Windows;C:\Windows\System32\Wbem;C:\Windows\System32\WindowsPowerShell\v1.0\;C:\Windows\System32\OpenSSH\;C:\Program Files\Microsoft SQL Server\130\Tools\Binn\;C:\Program Files (x86)\Microsoft SQL Server\130\DTS\Binn\;C:\Program Files\Microsoft SQL Server\130\DTS\Binn\;C:\Program Files\Microsoft SQL Server\Client SDK\ODBC\130\Tools\Binn\;C:\Program Files (x86)\Microsoft SQL Server\130\Tools\Binn\;C:\Program Files (x86)\Microsoft SQL Server\Client SDK\ODBC\130\Tools\Binn\;C:\Program Files (x86)\Microsoft SQL Server\130\Tools\Binn\ManagementStudio\;C:\Program Files (x86)\Microsoft SQL Server\150\DTS\Binn\;C:\Program Files\Azure Data Studio\bin;C:\Program Files\Microsoft SQL Server\Client SDK\ODBC\170\Tools\Binn\;C:\xampp\php;C:\ProgramData\ComposerSetup\bin;C:\Program Files\Microsoft SQL Server\150\Tools\Binn\;C:\Program Files (x86)\Windows Kits\10\Windows Performance Toolkit\;C:\Program Files\dotnet\;C:\Program Files (x86)\Microsoft SQL Server\160\DTS\Binn\;C:\flutter\bin;C:\Program Files\Java\jdk-23\bin;C:\Users\HARISN~1\AppData\Local\Pub\Cache\bin;C:\Users\HARISN~1\AppData\Roaming\npm;C:\Program Files\nodejs\;C:\Users\harisnaseer\AppData\Local\Microsoft\WindowsApps;C:\Users\harisnaseer\AppData\Local\JetBrains\IntelliJ IDEA Community Edition 2023.2.2\bin;;C:\Users\harisnaseer\.dotnet\tools;C:\Users\harisnaseer\AppData\Local\GitHubDesktop\bin;C:\Git\cmd;C:\Users\harisnaseer\AppData\Local\Programs\Microsoft VS Code\bin;C:\Users\harisnaseer\AppData\Local\Programs\mongosh\;C:\Users\harisnaseer\AppData\Roaming\npm
USERNAME=harisnaseer
OS=Windows_NT
PROCESSOR_IDENTIFIER=Intel64 Family 6 Model 42 Stepping 7, GenuineIntel
TMP=C:\Users\HARISN~1\AppData\Local\Temp
TEMP=C:\Users\HARISN~1\AppData\Local\Temp




Periodic native trim disabled

---------------  S Y S T E M  ---------------

OS:
 Windows 10 , 64 bit Build 18362 (10.0.18362.86)
OS uptime: 0 days 9:02 hours

CPU: total 4 (initial active 4) (2 cores per cpu, 2 threads per core) family 6 model 42 stepping 7 microcode 0x2e, cx8, cmov, fxsr, ht, mmx, sse, sse2, sse3, ssse3, sse4.1, sse4.2, popcnt, tsc, tscinvbit, avx, clmul, vzeroupper, clflush, rdtscp
Processor Information for the first 4 processors :
  Max Mhz: 3300, Current Mhz: 3300, Mhz Limit: 3300

Memory: 4k page, system-wide physical 3977M (275M free)
TotalPageFile size 9621M (AvailPageFile size 8M)
current process WorkingSet (physical memory assigned to process): 189M, peak: 189M
current process commit charge ("private bytes"): 258M, peak: 262M

vm_info: OpenJDK 64-Bit Server VM (21.0.6+7-LTS) for windows-amd64 JRE (21.0.6+7-LTS), built on 2025-01-21T00:00:00Z by "admin" with MS VC++ 17.7 (VS2022)

END.
