#
# There is insufficient memory for the Java Runtime Environment to continue.
# Native memory allocation (malloc) failed to allocate 1440976 bytes for Chunk::new
# Possible reasons:
#   The system is out of physical RAM or swap space
#   In 32 bit mode, the process size limit was hit
# Possible solutions:
#   Reduce memory load on the system
#   Increase physical memory or swap space
#   Check if swap backing store is full
#   Use 64 bit Java on a 64 bit OS
#   Decrease Java heap size (-Xmx/-Xms)
#   Decrease number of Java threads
#   Decrease Java thread stack sizes (-Xss)
#   Set larger code cache with -XX:ReservedCodeCacheSize=
# This output file may be truncated or incomplete.
#
#  Out of Memory Error (allocation.cpp:390), pid=6612, tid=0x00000000000004bc
#
# JRE version: Java(TM) SE Runtime Environment (8.0_181-b13) (build 1.8.0_181-b13)
# Java VM: Java HotSpot(TM) 64-Bit Server VM (25.181-b13 mixed mode windows-amd64 compressed oops)
# Failed to write core dump. Minidumps are not enabled by default on client versions of Windows
#

---------------  T H R E A D  ---------------

Current thread (0x000000001d42d800):  JavaThread "C2 CompilerThread1" daemon [_thread_in_native, id=1212, stack(0x000000001d900000,0x000000001da00000)]

Stack: [0x000000001d900000,0x000000001da00000]
[error occurred during error reporting (printing stack bounds), id 0xc0000005]

Native frames: (J=compiled Java code, j=interpreted, Vv=VM code, C=native code)


Current CompileTask:
C2:  29319 5939       4       java.io.ObjectOutputStream::writeClassDesc (60 bytes)


---------------  P R O C E S S  ---------------

Java Threads: ( => current thread )
  0x00000000238b3800 JavaThread "Unconstrained build operations Thread 3" [_thread_blocked, id=1412, stack(0x000000002a430000,0x000000002a530000)]
  0x00000000238b0800 JavaThread "Unconstrained build operations Thread 2" [_thread_blocked, id=11708, stack(0x000000002a330000,0x000000002a430000)]
  0x00000000238b3000 JavaThread "Unconstrained build operations" [_thread_blocked, id=1028, stack(0x000000002a230000,0x000000002a330000)]
  0x00000000238b2000 JavaThread "Cache worker for execution history cache (C:\flutter\packages\flutter_tools\gradle\.gradle\8.3\executionHistory)" [_thread_blocked, id=8696, stack(0x000000002a130000,0x000000002a230000)]
  0x00000000238b0000 JavaThread "Execution worker Thread 3" [_thread_blocked, id=9852, stack(0x0000000029e30000,0x0000000029f30000)]
  0x00000000238af000 JavaThread "Execution worker Thread 2" [_thread_blocked, id=7524, stack(0x0000000029d30000,0x0000000029e30000)]
  0x00000000238b1800 JavaThread "Execution worker" [_thread_blocked, id=11360, stack(0x0000000029c30000,0x0000000029d30000)]
  0x00000000238a7800 JavaThread "included builds" [_thread_blocked, id=4492, stack(0x0000000029b30000,0x0000000029c30000)]
  0x00000000238ae000 JavaThread "Memory manager" [_thread_blocked, id=5652, stack(0x0000000028ac0000,0x0000000028bc0000)]
  0x00000000238ad800 JavaThread "Cache worker for Build Output Cleanup Cache (C:\flutter\packages\flutter_tools\gradle\.gradle\buildOutputCleanup)" [_thread_blocked, id=12560, stack(0x00000000287c0000,0x00000000288c0000)]
  0x00000000238ac800 JavaThread "Cache worker for dependencies-accessors (C:\Users\harisnaseer\OneDrive\Desktop\Flutter\2307F2\electric_bill_calculator\android\.gradle\8.3\dependencies-accessors)" [_thread_blocked, id=7488, stack(0x0000000027f60000,0x0000000028060000)]
  0x00000000238a6800 JavaThread "Cache worker for kotlin-dsl (C:\Users\harisnaseer\.gradle\caches\8.3\kotlin-dsl)" [_thread_blocked, id=2612, stack(0x00000000280c0000,0x00000000281c0000)]
  0x00000000238ac000 JavaThread "jar transforms Thread 4" [_thread_blocked, id=2312, stack(0x0000000027860000,0x0000000027960000)]
  0x00000000238a8000 JavaThread "Cache worker for execution history cache (C:\Users\harisnaseer\.gradle\caches\8.3\executionHistory)" [_thread_blocked, id=2852, stack(0x0000000026da0000,0x0000000026ea0000)]
  0x00000000238a4800 JavaThread "Cache worker for cache directory md-rule (C:\Users\harisnaseer\.gradle\caches\8.3\md-rule)" [_thread_blocked, id=13024, stack(0x0000000025ab0000,0x0000000025bb0000)]
  0x00000000238a9000 JavaThread "Cache worker for file content cache (C:\Users\harisnaseer\.gradle\caches\8.3\fileContent)" [_thread_blocked, id=11904, stack(0x0000000027610000,0x0000000027710000)]
  0x00000000238ab000 JavaThread "Cache worker for cache directory md-supplier (C:\Users\harisnaseer\.gradle\caches\8.3\md-supplier)" [_thread_blocked, id=12544, stack(0x0000000027270000,0x0000000027370000)]
  0x0000000023524000 JavaThread "Cache worker for file hash cache (C:\Users\harisnaseer\OneDrive\Desktop\Flutter\2307F2\electric_bill_calculator\android\.gradle\8.3\fileHashes)" [_thread_blocked, id=12424, stack(0x0000000027760000,0x0000000027860000)]
  0x000000002352a800 JavaThread "Cache worker for checksums cache (C:\Users\harisnaseer\OneDrive\Desktop\Flutter\2307F2\electric_bill_calculator\android\.gradle\8.3\checksums)" [_thread_blocked, id=11804, stack(0x0000000026eb0000,0x0000000026fb0000)]
  0x0000000023528800 JavaThread "jar transforms Thread 3" [_thread_blocked, id=12824, stack(0x00000000259b0000,0x0000000025ab0000)]
  0x0000000023527800 JavaThread "jar transforms Thread 2" [_thread_blocked, id=8596, stack(0x00000000258b0000,0x00000000259b0000)]
  0x0000000023529000 JavaThread "jar transforms" [_thread_blocked, id=7652, stack(0x00000000257b0000,0x00000000258b0000)]
  0x0000000023526000 JavaThread "File watcher consumer" daemon [_thread_blocked, id=5740, stack(0x00000000254b0000,0x00000000255b0000)]
  0x0000000023525800 JavaThread "File watcher server" daemon [_thread_in_native, id=12748, stack(0x00000000253b0000,0x00000000254b0000)]
  0x000000002352a000 JavaThread "Cache worker for file hash cache (C:\Users\harisnaseer\.gradle\caches\8.3\fileHashes)" [_thread_blocked, id=5200, stack(0x0000000023cc0000,0x0000000023dc0000)]
  0x0000000023524800 JavaThread "File lock request listener" [_thread_in_native, id=9644, stack(0x0000000024020000,0x0000000024120000)]
  0x0000000023527000 JavaThread "Cache worker for journal cache (C:\Users\harisnaseer\.gradle\caches\journal-1)" [_thread_blocked, id=8104, stack(0x0000000023f20000,0x0000000024020000)]
  0x000000001f7bc000 JavaThread "Daemon client event forwarder" [_thread_blocked, id=12460, stack(0x0000000021620000,0x0000000021720000)]
  0x000000001f76f800 JavaThread "Stdin handler" [_thread_blocked, id=8900, stack(0x0000000021520000,0x0000000021620000)]
  0x000000001f754800 JavaThread "Asynchronous log dispatcher for DefaultDaemonConnection: socket connection from /127.0.0.1:55755 to /127.0.0.1:55756" [_thread_blocked, id=12064, stack(0x0000000021420000,0x0000000021520000)]
  0x000000001f754000 JavaThread "Daemon worker" [_thread_in_native, id=5876, stack(0x0000000021320000,0x0000000021420000)]
  0x000000001f74e800 JavaThread "Cancel handler" [_thread_blocked, id=8008, stack(0x0000000021220000,0x0000000021320000)]
  0x000000001f78d000 JavaThread "Handler for socket connection from /127.0.0.1:55755 to /127.0.0.1:55756" [_thread_in_native, id=10644, stack(0x0000000021120000,0x0000000021220000)]
  0x000000001f6f1000 JavaThread "Daemon" [_thread_blocked, id=7116, stack(0x0000000021020000,0x0000000021120000)]
  0x000000001f6e8000 JavaThread "Daemon periodic checks" [_thread_blocked, id=4568, stack(0x0000000020f20000,0x0000000021020000)]
  0x000000001f6df000 JavaThread "Incoming local TCP Connector on port 55755" [_thread_in_native, id=12184, stack(0x0000000020ae0000,0x0000000020be0000)]
  0x000000001f789800 JavaThread "Daemon health stats" [_thread_blocked, id=7216, stack(0x00000000206a0000,0x00000000207a0000)]
  0x000000001d445000 JavaThread "Service Thread" daemon [_thread_blocked, id=8308, stack(0x000000001db00000,0x000000001dc00000)]
  0x000000001d431800 JavaThread "C1 CompilerThread2" daemon [_thread_blocked, id=7956, stack(0x000000001da00000,0x000000001db00000)]
=>0x000000001d42d800 JavaThread "C2 CompilerThread1" daemon [_thread_in_native, id=1212, stack(0x000000001d900000,0x000000001da00000)]
  0x000000001d42b800 JavaThread "C2 CompilerThread0" daemon [_thread_blocked, id=1864, stack(0x000000001d800000,0x000000001d900000)]
  0x000000001bda2000 JavaThread "Attach Listener" daemon [_thread_blocked, id=12012, stack(0x000000001d300000,0x000000001d400000)]
  0x000000001bda0800 JavaThread "Signal Dispatcher" daemon [_thread_blocked, id=10708, stack(0x000000001d200000,0x000000001d300000)]
  0x00000000026cd800 JavaThread "Finalizer" daemon [_thread_blocked, id=8284, stack(0x000000001d000000,0x000000001d100000)]
  0x00000000026c2800 JavaThread "Reference Handler" daemon [_thread_blocked, id=10688, stack(0x000000001cf00000,0x000000001d000000)]
  0x00000000025d3800 JavaThread "main" [_thread_blocked, id=11044, stack(0x00000000023b0000,0x00000000024b0000)]

Other Threads:
  0x000000001bd68800 VMThread [stack: 0x000000001ce00000,0x000000001cf00000] [id=9488]
  0x000000001d501800 WatcherThread [stack: 0x000000001dc00000,0x000000001dd00000] [id=7400]

VM state:not at safepoint (normal execution)

VM Mutex/Monitor currently owned by a thread: None

Heap:
 PSYoungGen      total 208384K, used 144105K [0x000000076ab00000, 0x000000077b980000, 0x00000007c0000000)
  eden space 196096K, 73% used [0x000000076ab00000,0x00000007737ba600,0x0000000776a80000)
  from space 12288K, 0% used [0x0000000776a80000,0x0000000776a80000,0x0000000777680000)
  to   space 13312K, 0% used [0x000000077ac80000,0x000000077ac80000,0x000000077b980000)
 ParOldGen       total 78848K, used 33264K [0x00000006c0000000, 0x00000006c4d00000, 0x000000076ab00000)
  object space 78848K, 42% used [0x00000006c0000000,0x00000006c207c3c0,0x00000006c4d00000)
 Metaspace       used 63042K, capacity 68765K, committed 68888K, reserved 1107968K
  class space    used 9245K, capacity 10203K, committed 10280K, reserved 1048576K

Card table byte_map: [0x0000000011a90000,0x00000000122a0000] byte_map_base: 0x000000000e490000

Marking Bits: (ParMarkBitMap*) 0x0000000061a52d00
 Begin Bits: [0x0000000012c00000, 0x0000000016c00000)
 End Bits:   [0x0000000016c00000, 0x000000001ac00000)

Polling page: 0x0000000000620000

CodeCache: size=245760Kb used=18198Kb max_used=18207Kb free=227561Kb
 bounds [0x00000000026d0000, 0x00000000038c0000, 0x00000000116d0000]
 total_blobs=6085 nmethods=5254 adapters=743
 compilation: enabled

Compilation events (10 events):
Event: 29.286 Thread 0x000000001d431800 6048       3       com.google.common.collect.RegularImmutableAsList::get (9 bytes)
Event: 29.286 Thread 0x000000001d431800 nmethod 6048 0x00000000036f0290 code [0x00000000036f0400, 0x00000000036f0628]
Event: 29.290 Thread 0x000000001d42b800 6049       4       jdk.internal.org.objectweb.asm.MethodVisitor::<init> (35 bytes)
Event: 29.291 Thread 0x000000001d42b800 nmethod 6049 0x00000000028c2e10 code [0x00000000028c2f40, 0x00000000028c2ff8]
Event: 29.304 Thread 0x000000001d431800 6050       3       java.util.Collections$SingletonSet::iterator (8 bytes)
Event: 29.304 Thread 0x000000001d431800 nmethod 6050 0x00000000036efcd0 code [0x00000000036efe40, 0x00000000036f0130]
Event: 29.306 Thread 0x000000001d431800 6051       1       org.gradle.api.internal.artifacts.repositories.resolver.ExternalResourceResolver::getId (5 bytes)
Event: 29.306 Thread 0x000000001d431800 nmethod 6051 0x00000000036efa10 code [0x00000000036efb60, 0x00000000036efc70]
Event: 29.308 Thread 0x000000001d431800 6052       1       org.gradle.api.internal.artifacts.ivyservice.resolveengine.graph.builder.SelectorState::getTargetModule (5 bytes)
Event: 29.308 Thread 0x000000001d431800 nmethod 6052 0x00000000036ef750 code [0x00000000036ef8a0, 0x00000000036ef9b0]

GC Heap History (10 events):
Event: 12.983 GC heap before
{Heap before GC invocations=14 (full 2):
 PSYoungGen      total 160768K, used 7722K [0x000000076ab00000, 0x0000000775300000, 0x00000007c0000000)
  eden space 151552K, 0% used [0x000000076ab00000,0x000000076ab00000,0x0000000773f00000)
  from space 9216K, 83% used [0x0000000774980000,0x000000077510aa58,0x0000000775280000)
  to   space 10240K, 0% used [0x0000000773f00000,0x0000000773f00000,0x0000000774900000)
 ParOldGen       total 31232K, used 13166K [0x00000006c0000000, 0x00000006c1e80000, 0x000000076ab00000)
  object space 31232K, 42% used [0x00000006c0000000,0x00000006c0cdb8d0,0x00000006c1e80000)
 Metaspace       used 33550K, capacity 35399K, committed 35496K, reserved 1079296K
  class space    used 4904K, capacity 5263K, committed 5288K, reserved 1048576K
Event: 13.152 GC heap after
Heap after GC invocations=14 (full 2):
 PSYoungGen      total 160768K, used 0K [0x000000076ab00000, 0x0000000775300000, 0x00000007c0000000)
  eden space 151552K, 0% used [0x000000076ab00000,0x000000076ab00000,0x0000000773f00000)
  from space 9216K, 0% used [0x0000000774980000,0x0000000774980000,0x0000000775280000)
  to   space 10240K, 0% used [0x0000000773f00000,0x0000000773f00000,0x0000000774900000)
 ParOldGen       total 51712K, used 18693K [0x00000006c0000000, 0x00000006c3280000, 0x000000076ab00000)
  object space 51712K, 36% used [0x00000006c0000000,0x00000006c12416d8,0x00000006c3280000)
 Metaspace       used 33550K, capacity 35399K, committed 35496K, reserved 1079296K
  class space    used 4904K, capacity 5263K, committed 5288K, reserved 1048576K
}
Event: 16.425 GC heap before
{Heap before GC invocations=15 (full 2):
 PSYoungGen      total 160768K, used 151552K [0x000000076ab00000, 0x0000000775300000, 0x00000007c0000000)
  eden space 151552K, 100% used [0x000000076ab00000,0x0000000773f00000,0x0000000773f00000)
  from space 9216K, 0% used [0x0000000774980000,0x0000000774980000,0x0000000775280000)
  to   space 10240K, 0% used [0x0000000773f00000,0x0000000773f00000,0x0000000774900000)
 ParOldGen       total 51712K, used 18693K [0x00000006c0000000, 0x00000006c3280000, 0x000000076ab00000)
  object space 51712K, 36% used [0x00000006c0000000,0x00000006c12416d8,0x00000006c3280000)
 Metaspace       used 40124K, capacity 42649K, committed 42920K, reserved 1085440K
  class space    used 5721K, capacity 6236K, committed 6312K, reserved 1048576K
Event: 16.450 GC heap after
Heap after GC invocations=15 (full 2):
 PSYoungGen      total 161792K, used 9507K [0x000000076ab00000, 0x0000000778180000, 0x00000007c0000000)
  eden space 151552K, 0% used [0x000000076ab00000,0x000000076ab00000,0x0000000773f00000)
  from space 10240K, 92% used [0x0000000773f00000,0x0000000774848ce0,0x0000000774900000)
  to   space 11264K, 0% used [0x0000000777680000,0x0000000777680000,0x0000000778180000)
 ParOldGen       total 51712K, used 18701K [0x00000006c0000000, 0x00000006c3280000, 0x000000076ab00000)
  object space 51712K, 36% used [0x00000006c0000000,0x00000006c12436d8,0x00000006c3280000)
 Metaspace       used 40124K, capacity 42649K, committed 42920K, reserved 1085440K
  class space    used 5721K, capacity 6236K, committed 6312K, reserved 1048576K
}
Event: 20.156 GC heap before
{Heap before GC invocations=16 (full 2):
 PSYoungGen      total 161792K, used 161059K [0x000000076ab00000, 0x0000000778180000, 0x00000007c0000000)
  eden space 151552K, 100% used [0x000000076ab00000,0x0000000773f00000,0x0000000773f00000)
  from space 10240K, 92% used [0x0000000773f00000,0x0000000774848ce0,0x0000000774900000)
  to   space 11264K, 0% used [0x0000000777680000,0x0000000777680000,0x0000000778180000)
 ParOldGen       total 51712K, used 18701K [0x00000006c0000000, 0x00000006c3280000, 0x000000076ab00000)
  object space 51712K, 36% used [0x00000006c0000000,0x00000006c12436d8,0x00000006c3280000)
 Metaspace       used 47847K, capacity 51389K, committed 51496K, reserved 1093632K
  class space    used 7012K, capacity 7662K, committed 7720K, reserved 1048576K
Event: 20.244 GC heap after
Heap after GC invocations=16 (full 2):
 PSYoungGen      total 207360K, used 9537K [0x000000076ab00000, 0x0000000778400000, 0x00000007c0000000)
  eden space 196096K, 0% used [0x000000076ab00000,0x000000076ab00000,0x0000000776a80000)
  from space 11264K, 84% used [0x0000000777680000,0x0000000777fd0508,0x0000000778180000)
  to   space 12288K, 0% used [0x0000000776a80000,0x0000000776a80000,0x0000000777680000)
 ParOldGen       total 51712K, used 24437K [0x00000006c0000000, 0x00000006c3280000, 0x000000076ab00000)
  object space 51712K, 47% used [0x00000006c0000000,0x00000006c17dd678,0x00000006c3280000)
 Metaspace       used 47847K, capacity 51389K, committed 51496K, reserved 1093632K
  class space    used 7012K, capacity 7662K, committed 7720K, reserved 1048576K
}
Event: 23.303 GC heap before
{Heap before GC invocations=17 (full 2):
 PSYoungGen      total 207360K, used 173331K [0x000000076ab00000, 0x0000000778400000, 0x00000007c0000000)
  eden space 196096K, 83% used [0x000000076ab00000,0x0000000774af4958,0x0000000776a80000)
  from space 11264K, 84% used [0x0000000777680000,0x0000000777fd0508,0x0000000778180000)
  to   space 12288K, 0% used [0x0000000776a80000,0x0000000776a80000,0x0000000777680000)
 ParOldGen       total 51712K, used 24437K [0x00000006c0000000, 0x00000006c3280000, 0x000000076ab00000)
  object space 51712K, 47% used [0x00000006c0000000,0x00000006c17dd678,0x00000006c3280000)
 Metaspace       used 54890K, capacity 59121K, committed 59160K, reserved 1099776K
  class space    used 7974K, capacity 8725K, committed 8744K, reserved 1048576K
Event: 23.329 GC heap after
Heap after GC invocations=17 (full 2):
 PSYoungGen      total 208384K, used 10246K [0x000000076ab00000, 0x000000077b980000, 0x00000007c0000000)
  eden space 196096K, 0% used [0x000000076ab00000,0x000000076ab00000,0x0000000776a80000)
  from space 12288K, 83% used [0x0000000776a80000,0x0000000777481a10,0x0000000777680000)
  to   space 13312K, 0% used [0x000000077ac80000,0x000000077ac80000,0x000000077b980000)
 ParOldGen       total 51712K, used 28519K [0x00000006c0000000, 0x00000006c3280000, 0x000000076ab00000)
  object space 51712K, 55% used [0x00000006c0000000,0x00000006c1bd9c28,0x00000006c3280000)
 Metaspace       used 54890K, capacity 59121K, committed 59160K, reserved 1099776K
  class space    used 7974K, capacity 8725K, committed 8744K, reserved 1048576K
}
Event: 23.332 GC heap before
{Heap before GC invocations=18 (full 3):
 PSYoungGen      total 208384K, used 10246K [0x000000076ab00000, 0x000000077b980000, 0x00000007c0000000)
  eden space 196096K, 0% used [0x000000076ab00000,0x000000076ab00000,0x0000000776a80000)
  from space 12288K, 83% used [0x0000000776a80000,0x0000000777481a10,0x0000000777680000)
  to   space 13312K, 0% used [0x000000077ac80000,0x000000077ac80000,0x000000077b980000)
 ParOldGen       total 51712K, used 28519K [0x00000006c0000000, 0x00000006c3280000, 0x000000076ab00000)
  object space 51712K, 55% used [0x00000006c0000000,0x00000006c1bd9c28,0x00000006c3280000)
 Metaspace       used 54890K, capacity 59121K, committed 59160K, reserved 1099776K
  class space    used 7974K, capacity 8725K, committed 8744K, reserved 1048576K
Event: 23.655 GC heap after
Heap after GC invocations=18 (full 3):
 PSYoungGen      total 208384K, used 0K [0x000000076ab00000, 0x000000077b980000, 0x00000007c0000000)
  eden space 196096K, 0% used [0x000000076ab00000,0x000000076ab00000,0x0000000776a80000)
  from space 12288K, 0% used [0x0000000776a80000,0x0000000776a80000,0x0000000777680000)
  to   space 13312K, 0% used [0x000000077ac80000,0x000000077ac80000,0x000000077b980000)
 ParOldGen       total 78848K, used 33264K [0x00000006c0000000, 0x00000006c4d00000, 0x000000076ab00000)
  object space 78848K, 42% used [0x00000006c0000000,0x00000006c207c3c0,0x00000006c4d00000)
 Metaspace       used 54890K, capacity 59121K, committed 59160K, reserved 1099776K
  class space    used 7974K, capacity 8725K, committed 8744K, reserved 1048576K
}

Deoptimization events (10 events):
Event: 28.685 Thread 0x00000000238af000 Uncommon trap: reason=class_check action=maybe_recompile pc=0x00000000035d3b08 method=java.io.ObjectOutputStream$BlockDataOutputStream.drain()V @ 36
Event: 28.686 Thread 0x00000000238af000 Uncommon trap: reason=class_check action=maybe_recompile pc=0x00000000035d3b08 method=java.io.ObjectOutputStream$BlockDataOutputStream.drain()V @ 36
Event: 28.686 Thread 0x00000000238af000 Uncommon trap: reason=class_check action=maybe_recompile pc=0x00000000035d3b08 method=java.io.ObjectOutputStream$BlockDataOutputStream.drain()V @ 36
Event: 28.687 Thread 0x00000000238af000 Uncommon trap: reason=class_check action=maybe_recompile pc=0x00000000035d3b08 method=java.io.ObjectOutputStream$BlockDataOutputStream.drain()V @ 36
Event: 28.931 Thread 0x00000000238af000 Uncommon trap: reason=unstable_if action=reinterpret pc=0x00000000036b1f40 method=org.gradle.internal.snapshot.PathUtil.compareCharsIgnoringCase(CC)I @ 33
Event: 29.050 Thread 0x00000000238af000 Uncommon trap: reason=unstable_if action=reinterpret pc=0x0000000002b18040 method=java.util.regex.Pattern$Curly.match(Ljava/util/regex/Matcher;ILjava/lang/CharSequence;)Z @ 45
Event: 29.276 Thread 0x00000000238b0000 Uncommon trap: reason=bimorphic action=maybe_recompile pc=0x0000000002f28d5c method=com.google.common.collect.NaturalOrdering.compare(Ljava/lang/Comparable;Ljava/lang/Comparable;)I @ 12
Event: 29.276 Thread 0x00000000238b0000 Uncommon trap: reason=bimorphic action=maybe_recompile pc=0x0000000002f28d5c method=com.google.common.collect.NaturalOrdering.compare(Ljava/lang/Comparable;Ljava/lang/Comparable;)I @ 12
Event: 29.276 Thread 0x00000000238b0000 Uncommon trap: reason=bimorphic action=maybe_recompile pc=0x0000000002f28d5c method=com.google.common.collect.NaturalOrdering.compare(Ljava/lang/Comparable;Ljava/lang/Comparable;)I @ 12
Event: 29.276 Thread 0x00000000238b0000 Uncommon trap: reason=bimorphic action=maybe_recompile pc=0x0000000002f28d5c method=com.google.common.collect.NaturalOrdering.compare(Ljava/lang/Comparable;Ljava/lang/Comparable;)I @ 12

Classes redefined (0 events):
No events

Internal exceptions (10 events):
Event: 28.438 Thread 0x000000001f7bc000 Exception <a 'java/lang/NoSuchMethodError': <clinit>> (0x000000077278de10) thrown at [C:\re\workspace\8-2-build-windows-amd64-cygwin\jdk8u181\11358\hotspot\src\share\vm\prims\jni.cpp, line 1613]
Event: 28.490 Thread 0x00000000238b0000 Exception <a 'sun/nio/fs/WindowsException'> (0x00000007727f4dc0) thrown at [C:\re\workspace\8-2-build-windows-amd64-cygwin\jdk8u181\11358\hotspot\src\share\vm\prims\jni.cpp, line 709]
Event: 28.493 Thread 0x00000000238b0000 Exception <a 'sun/nio/fs/WindowsException'> (0x00000007727f77c8) thrown at [C:\re\workspace\8-2-build-windows-amd64-cygwin\jdk8u181\11358\hotspot\src\share\vm\prims\jni.cpp, line 709]
Event: 28.495 Thread 0x00000000238b0000 Exception <a 'sun/nio/fs/WindowsException'> (0x00000007727f9f28) thrown at [C:\re\workspace\8-2-build-windows-amd64-cygwin\jdk8u181\11358\hotspot\src\share\vm\prims\jni.cpp, line 709]
Event: 28.497 Thread 0x00000000238b0000 Exception <a 'sun/nio/fs/WindowsException'> (0x00000007727fc300) thrown at [C:\re\workspace\8-2-build-windows-amd64-cygwin\jdk8u181\11358\hotspot\src\share\vm\prims\jni.cpp, line 709]
Event: 28.541 Thread 0x000000001f7bc000 Exception <a 'java/lang/NoSuchMethodError': <clinit>> (0x00000007729c9fe8) thrown at [C:\re\workspace\8-2-build-windows-amd64-cygwin\jdk8u181\11358\hotspot\src\share\vm\prims\jni.cpp, line 1613]
Event: 28.543 Thread 0x000000001f7bc000 Exception <a 'java/lang/NoSuchMethodError': <clinit>> (0x00000007729dba50) thrown at [C:\re\workspace\8-2-build-windows-amd64-cygwin\jdk8u181\11358\hotspot\src\share\vm\prims\jni.cpp, line 1613]
Event: 28.543 Thread 0x000000001f7bc000 Exception <a 'java/lang/NoSuchMethodError': <clinit>> (0x00000007729dd2f0) thrown at [C:\re\workspace\8-2-build-windows-amd64-cygwin\jdk8u181\11358\hotspot\src\share\vm\prims\jni.cpp, line 1613]
Event: 28.563 Thread 0x00000000238af000 Exception <a 'sun/nio/fs/WindowsException'> (0x00000007723c6578) thrown at [C:\re\workspace\8-2-build-windows-amd64-cygwin\jdk8u181\11358\hotspot\src\share\vm\prims\jni.cpp, line 709]
Event: 29.201 Thread 0x000000001f7bc000 Exception <a 'java/lang/NoSuchMethodError': <clinit>> (0x0000000773593d58) thrown at [C:\re\workspace\8-2-build-windows-amd64-cygwin\jdk8u181\11358\hotspot\src\share\vm\prims\jni.cpp, line 1613]

Events (10 events):
Event: 29.301 Executing VM operation: RevokeBias
Event: 29.301 Executing VM operation: RevokeBias done
Event: 29.301 Executing VM operation: RevokeBias
Event: 29.301 Executing VM operation: RevokeBias done
Event: 29.301 Executing VM operation: RevokeBias
Event: 29.301 Executing VM operation: RevokeBias done
Event: 29.302 loading class org/gradle/execution/plan/LocalTaskNode
Event: 29.302 loading class org/gradle/execution/plan/LocalTaskNode done
Event: 29.310 loading class org/gradle/internal/component/external/model/ConfigurationBoundExternalDependencyMetadata
Event: 29.310 loading class org/gradle/internal/component/external/model/ConfigurationBoundExternalDependencyMetadata done


Dynamic libraries:
0x00007ff68fb80000 - 0x00007ff68fbb7000 	C:\Program Files\Java\jdk1.8.0_181\bin\java.exe
0x00007ffa81fa0000 - 0x00007ffa82190000 	C:\Windows\SYSTEM32\ntdll.dll
0x00007ffa80ca0000 - 0x00007ffa80d52000 	C:\Windows\System32\KERNEL32.DLL
0x00007ffa7f6b0000 - 0x00007ffa7f953000 	C:\Windows\System32\KERNELBASE.dll
0x00007ffa806c0000 - 0x00007ffa80763000 	C:\Windows\System32\ADVAPI32.dll
0x00007ffa81730000 - 0x00007ffa817ce000 	C:\Windows\System32\msvcrt.dll
0x00007ffa81ad0000 - 0x00007ffa81b67000 	C:\Windows\System32\sechost.dll
0x00007ffa817d0000 - 0x00007ffa818f0000 	C:\Windows\System32\RPCRT4.dll
0x00007ffa81d10000 - 0x00007ffa81ea3000 	C:\Windows\System32\USER32.dll
0x00007ffa7ffc0000 - 0x00007ffa7ffe1000 	C:\Windows\System32\win32u.dll
0x00007ffa80c70000 - 0x00007ffa80c96000 	C:\Windows\System32\GDI32.dll
0x00007ffa7fb80000 - 0x00007ffa7fd14000 	C:\Windows\System32\gdi32full.dll
0x00007ffa7fed0000 - 0x00007ffa7ff6e000 	C:\Windows\System32\msvcp_win.dll
0x00007ffa7fd20000 - 0x00007ffa7fe1a000 	C:\Windows\System32\ucrtbase.dll
0x00007ffa62200000 - 0x00007ffa62485000 	C:\Windows\WinSxS\amd64_microsoft.windows.common-controls_6595b64144ccf1df_6.0.18362.295_none_e6c3acbd13101292\COMCTL32.dll
0x00007ffa80930000 - 0x00007ffa80c66000 	C:\Windows\System32\combase.dll
0x00007ffa7f960000 - 0x00007ffa7f9e0000 	C:\Windows\System32\bcryptPrimitives.dll
0x00007ffa81aa0000 - 0x00007ffa81ace000 	C:\Windows\System32\IMM32.DLL
0x0000000061ae0000 - 0x0000000061bb2000 	C:\Program Files\Java\jdk1.8.0_181\jre\bin\msvcr100.dll
0x0000000061230000 - 0x0000000061ad2000 	C:\Program Files\Java\jdk1.8.0_181\jre\bin\server\jvm.dll
0x00007ffa81470000 - 0x00007ffa81478000 	C:\Windows\System32\PSAPI.DLL
0x00007ffa62df0000 - 0x00007ffa62df9000 	C:\Windows\SYSTEM32\WSOCK32.dll
0x00007ffa816c0000 - 0x00007ffa8172f000 	C:\Windows\System32\WS2_32.dll
0x00007ffa7cc50000 - 0x00007ffa7cc74000 	C:\Windows\SYSTEM32\WINMM.dll
0x00007ffa766a0000 - 0x00007ffa766aa000 	C:\Windows\SYSTEM32\VERSION.dll
0x00007ffa7cc20000 - 0x00007ffa7cc4d000 	C:\Windows\SYSTEM32\WINMMBASE.dll
0x00007ffa7ff70000 - 0x00007ffa7ffba000 	C:\Windows\System32\cfgmgr32.dll
0x0000000061220000 - 0x000000006122f000 	C:\Program Files\Java\jdk1.8.0_181\jre\bin\verify.dll
0x00000000611f0000 - 0x0000000061219000 	C:\Program Files\Java\jdk1.8.0_181\jre\bin\java.dll
0x00000000611c0000 - 0x00000000611e3000 	C:\Program Files\Java\jdk1.8.0_181\jre\bin\instrument.dll
0x00000000611a0000 - 0x00000000611b6000 	C:\Program Files\Java\jdk1.8.0_181\jre\bin\zip.dll
0x00007ffa80d80000 - 0x00007ffa81462000 	C:\Windows\System32\SHELL32.dll
0x00007ffa81eb0000 - 0x00007ffa81f59000 	C:\Windows\System32\shcore.dll
0x00007ffa7ef30000 - 0x00007ffa7f6ac000 	C:\Windows\System32\windows.storage.dll
0x00007ffa7ef10000 - 0x00007ffa7ef2f000 	C:\Windows\System32\profapi.dll
0x00007ffa7ee80000 - 0x00007ffa7eeca000 	C:\Windows\System32\powrprof.dll
0x00007ffa7ee70000 - 0x00007ffa7ee80000 	C:\Windows\System32\UMPDC.dll
0x00007ffa80590000 - 0x00007ffa805e2000 	C:\Windows\System32\shlwapi.dll
0x00007ffa7eed0000 - 0x00007ffa7eee1000 	C:\Windows\System32\kernel.appcore.dll
0x00007ffa7f9e0000 - 0x00007ffa7f9f7000 	C:\Windows\System32\cryptsp.dll
0x0000000061180000 - 0x000000006119a000 	C:\Program Files\Java\jdk1.8.0_181\jre\bin\net.dll
0x00007ffa7e680000 - 0x00007ffa7e6e7000 	C:\Windows\system32\mswsock.dll
0x0000000061160000 - 0x0000000061171000 	C:\Program Files\Java\jdk1.8.0_181\jre\bin\nio.dll
0x00007ffa22580000 - 0x00007ffa225a7000 	C:\Users\harisnaseer\.gradle\native\68d5fa5c4cc2d200863cafc0d521ce42e7d3e7ee720ec0a83991735586a16f82\windows-amd64\native-platform.dll
0x00007ffa42140000 - 0x00007ffa42284000 	C:\Users\harisnaseer\.gradle\native\e376f236ea51e6404a007f0833ffe2c6e607c4080706a723a18a27aeea778392\windows-amd64\native-platform-file-events.dll
0x0000000061150000 - 0x000000006115d000 	C:\Program Files\Java\jdk1.8.0_181\jre\bin\management.dll
0x00007ffa7e1f0000 - 0x00007ffa7e223000 	C:\Windows\system32\rsaenh.dll
0x00007ffa7fb50000 - 0x00007ffa7fb76000 	C:\Windows\System32\bcrypt.dll
0x00007ffa7ed90000 - 0x00007ffa7edb5000 	C:\Windows\SYSTEM32\USERENV.dll
0x00007ffa7e850000 - 0x00007ffa7e85c000 	C:\Windows\SYSTEM32\CRYPTBASE.dll
0x00007ffa7e390000 - 0x00007ffa7e3ca000 	C:\Windows\SYSTEM32\IPHLPAPI.DLL
0x00007ffa80d70000 - 0x00007ffa80d78000 	C:\Windows\System32\NSI.dll
0x00007ffa7a9c0000 - 0x00007ffa7a9d6000 	C:\Windows\SYSTEM32\dhcpcsvc6.DLL
0x00007ffa7a9a0000 - 0x00007ffa7a9bc000 	C:\Windows\SYSTEM32\dhcpcsvc.DLL
0x00007ffa7e3d0000 - 0x00007ffa7e49a000 	C:\Windows\SYSTEM32\DNSAPI.dll
0x0000000061120000 - 0x0000000061144000 	C:\Program Files\Java\jdk1.8.0_181\jre\bin\sunec.dll
0x0000000061110000 - 0x000000006111b000 	C:\Program Files\Java\jdk1.8.0_181\jre\bin\sunmscapi.dll
0x00007ffa7fa00000 - 0x00007ffa7fb49000 	C:\Windows\System32\CRYPT32.dll
0x00007ffa7eef0000 - 0x00007ffa7ef02000 	C:\Windows\System32\MSASN1.dll
0x0000000155600000 - 0x0000000155658000 	C:\Program Files (x86)\Microsoft Firewall Client 2004\FwcWsp64.dll
0x00007ffa80050000 - 0x00007ffa80114000 	C:\Windows\System32\OLEAUT32.dll
0x00007ffa65b30000 - 0x00007ffa65b3a000 	C:\Windows\System32\rasadhlp.dll
0x00007ffa7aff0000 - 0x00007ffa7b067000 	C:\Windows\System32\fwpuclnt.dll

VM Arguments:
jvm_args: -XX:MaxMetaspaceSize=2G -XX:+HeapDumpOnOutOfMemoryError -Xmx4G -Dfile.encoding=utf8 -Duser.country=US -Duser.language=en -Duser.variant -javaagent:C:\Users\harisnaseer\.gradle\wrapper\dists\gradle-8.3-all\6en3ugtfdg5xnpx44z4qbwgas\gradle-8.3\lib\agents\gradle-instrumentation-agent-8.3.jar 
java_command: org.gradle.launcher.daemon.bootstrap.GradleDaemon 8.3
java_class_path (initial): C:\Users\harisnaseer\.gradle\wrapper\dists\gradle-8.3-all\6en3ugtfdg5xnpx44z4qbwgas\gradle-8.3\lib\gradle-launcher-8.3.jar;C:\Users\harisnaseer\.gradle\wrapper\dists\gradle-8.3-all\6en3ugtfdg5xnpx44z4qbwgas\gradle-8.3\lib\agents\gradle-instrumentation-agent-8.3.jar
Launcher Type: SUN_STANDARD

Environment Variables:
JAVA_HOME=C:\Program Files\Java\jdk-23
PATH=C:\Program Files\Common Files\Oracle\Java\javapath;C:\Windows\system32;C:\Windows;C:\Windows\System32\Wbem;C:\Windows\System32\WindowsPowerShell\v1.0\;C:\Windows\System32\OpenSSH\;C:\Program Files\Microsoft SQL Server\130\Tools\Binn\;C:\Program Files (x86)\Microsoft SQL Server\130\DTS\Binn\;C:\Program Files\Microsoft SQL Server\130\DTS\Binn\;C:\Program Files\Microsoft SQL Server\Client SDK\ODBC\130\Tools\Binn\;C:\Program Files (x86)\Microsoft SQL Server\130\Tools\Binn\;C:\Program Files (x86)\Microsoft SQL Server\Client SDK\ODBC\130\Tools\Binn\;C:\Program Files (x86)\Microsoft SQL Server\130\Tools\Binn\ManagementStudio\;C:\Program Files (x86)\Microsoft SQL Server\150\DTS\Binn\;C:\Program Files\Azure Data Studio\bin;C:\Program Files\Microsoft SQL Server\Client SDK\ODBC\170\Tools\Binn\;C:\xampp\php;C:\ProgramData\ComposerSetup\bin;C:\Program Files\Microsoft SQL Server\150\Tools\Binn\;C:\Program Files (x86)\Windows Kits\10\Windows Performance Toolkit\;C:\Program Files\dotnet\;C:\Program Files (x86)\Microsoft SQL Server\160\DTS\Binn\;C:\flutter\bin;C:\Program Files\Java\jdk-23\bin;C:\Users\HARISN~1\AppData\Local\Pub\Cache\bin;C:\Users\HARISN~1\AppData\Roaming\npm;C:\Program Files\nodejs\;C:\Users\harisnaseer\AppData\Local\Microsoft\WindowsApps;C:\Users\harisnaseer\AppData\Local\JetBrains\IntelliJ IDEA Community Edition 2023.2.2\bin;;C:\Users\harisnaseer\.dotnet\tools;C:\Users\harisnaseer\AppData\Local\GitHubDesktop\bin;C:\Git\cmd;C:\Users\harisnaseer\AppData\Local\Programs\Microsoft VS Code\bin;C:\Users\harisnaseer\AppData\Local\Programs\mongosh\;C:\Users\harisnaseer\AppData\Roaming\npm
USERNAME=harisnaseer
OS=Windows_NT
PROCESSOR_IDENTIFIER=Intel64 Family 6 Model 42 Stepping 7, GenuineIntel



---------------  S Y S T E M  ---------------

OS: Windows 10.0 , 64 bit Build 18362 (10.0.18362.86)

CPU:total 4 (initial active 4) (2 cores per cpu, 2 threads per core) family 6 model 42 stepping 7, cmov, cx8, fxsr, mmx, sse, sse2, sse3, ssse3, sse4.1, sse4.2, popcnt, avx, clmul, ht, tsc, tscinvbit

Memory: 4k page, physical 4072460k(256148k free), swap 9852900k(1868k free)

vm_info: Java HotSpot(TM) 64-Bit Server VM (25.181-b13) for windows-amd64 JRE (1.8.0_181-b13), built on Jul  7 2018 04:01:33 by "java_re" with MS VC++ 10.0 (VS2010)

time: Mon May 12 17:32:12 2025
elapsed time: 29 seconds (0d 0h 0m 29s)

