#
# There is insufficient memory for the Java Runtime Environment to continue.
# Native memory allocation (malloc) failed to allocate 925696 bytes. Error detail: Chunk::new
# Possible reasons:
#   The system is out of physical RAM or swap space
#   This process is running with CompressedOops enabled, and the Java Heap may be blocking the growth of the native heap
# Possible solutions:
#   Reduce memory load on the system
#   Increase physical memory or swap space
#   Check if swap backing store is full
#   Decrease Java heap size (-Xmx/-Xms)
#   Decrease number of Java threads
#   Decrease Java thread stack sizes (-Xss)
#   Set larger code cache with -XX:ReservedCodeCacheSize=
#   JVM is running with Unscaled Compressed Oops mode in which the Java heap is
#     placed in the first 4GB address space. The Java Heap base address is the
#     maximum limit for the native heap growth. Please use -XX:HeapBaseMinAddress
#     to set the Java Heap base and to place the Java Heap above 4GB virtual address.
# This output file may be truncated or incomplete.
#
#  Out of Memory Error (arena.cpp:168), pid=11332, tid=7048
#
# JRE version: OpenJDK Runtime Environment Temurin-21.0.6+7 (21.0.6+7) (build 21.0.6+7-LTS)
# Java VM: OpenJDK 64-Bit Server VM Temurin-21.0.6+7 (21.0.6+7-LTS, mixed mode, sharing, tiered, compressed oops, compressed class ptrs, parallel gc, windows-amd64)
# No core dump will be written. Minidumps are not enabled by default on client versions of Windows
#

---------------  S U M M A R Y ------------

Command Line: --add-modules=ALL-SYSTEM --add-opens=java.base/java.util=ALL-UNNAMED --add-opens=java.base/java.lang=ALL-UNNAMED --add-opens=java.base/sun.nio.fs=ALL-UNNAMED -Declipse.application=org.eclipse.jdt.ls.core.id1 -Dosgi.bundles.defaultStartLevel=4 -Declipse.product=org.eclipse.jdt.ls.core.product -Djava.import.generatesMetadataFilesAtProjectRoot=false -DDetectVMInstallationsJob.disabled=true -Dfile.encoding=utf8 -XX:+UseParallelGC -XX:GCTimeRatio=4 -XX:AdaptiveSizePolicyWeight=90 -Dsun.zip.disableMemoryMapping=true -Xmx1G -Xms100m -Xlog:disable -javaagent:c:\Users\harisnaseer\.vscode\extensions\redhat.java-1.41.1-win32-x64\lombok\lombok-1.18.36.jar -XX:+HeapDumpOnOutOfMemoryError -XX:HeapDumpPath=c:\Users\harisnaseer\AppData\Roaming\Code\User\workspaceStorage\504e6ecccf0c23e0a27ee28e65a1aba0\redhat.java -Daether.dependencyCollector.impl=bf c:\Users\harisnaseer\.vscode\extensions\redhat.java-1.41.1-win32-x64\server\plugins\org.eclipse.equinox.launcher_1.7.0.v20250331-1702.jar -configuration c:\Users\harisnaseer\AppData\Roaming\Code\User\globalStorage\redhat.java\1.41.1\config_win -data c:\Users\harisnaseer\AppData\Roaming\Code\User\workspaceStorage\504e6ecccf0c23e0a27ee28e65a1aba0\redhat.java\jdt_ws --pipe=\\.\pipe\lsp-ec97ddc5192940cefbe0fa5f3dc4344a-sock

Host: Intel(R) Core(TM) i3-2120 CPU @ 3.30GHz, 4 cores, 3G,  Windows 10 , 64 bit Build 18362 (10.0.18362.86)
Time: Mon May 12 17:36:56 2025 Pakistan Standard Time elapsed time: 13.845213 seconds (0d 0h 0m 13s)

---------------  T H R E A D  ---------------

Current thread (0x0000016deb124320):  JavaThread "C2 CompilerThread0" daemon [_thread_in_native, id=7048, stack(0x000000131ca00000,0x000000131cb00000) (1024K)]


Current CompileTask:
C2:13845 3381       4       java.lang.invoke.MethodType::makeImpl (109 bytes)

Stack: [0x000000131ca00000,0x000000131cb00000]
Native frames: (J=compiled Java code, j=interpreted, Vv=VM code, C=native code)
V  [jvm.dll+0x6cdee9]
V  [jvm.dll+0x8a83d1]
V  [jvm.dll+0x8aa8fe]
V  [jvm.dll+0x8aafe3]
V  [jvm.dll+0x27f706]
V  [jvm.dll+0xc500d]
V  [jvm.dll+0xc5543]
V  [jvm.dll+0x2f2acd]
V  [jvm.dll+0x5f6a2a]
V  [jvm.dll+0x250bb2]
V  [jvm.dll+0x250f6f]
V  [jvm.dll+0x249834]
V  [jvm.dll+0x246ec4]
V  [jvm.dll+0x1c75ee]
V  [jvm.dll+0x25685a]
V  [jvm.dll+0x254dfa]
V  [jvm.dll+0x3f0256]
V  [jvm.dll+0x851f8b]
V  [jvm.dll+0x6cc5ed]
C  [ucrtbase.dll+0x1d9f2]
C  [KERNEL32.DLL+0x17bd4]
C  [ntdll.dll+0x6ce71]


---------------  P R O C E S S  ---------------

Threads class SMR info:
_java_thread_list=0x0000016df0691dd0, length=23, elements={
0x0000016dd6de9250, 0x0000016deb11af30, 0x0000016deb11e740, 0x0000016deb120000,
0x0000016deb120d10, 0x0000016deb122b50, 0x0000016deb1235a0, 0x0000016deb124320,
0x0000016deb1947d0, 0x0000016deb0bb6e0, 0x0000016df0369d80, 0x0000016df085b760,
0x0000016df09902c0, 0x0000016df09a5e50, 0x0000016df09a64b0, 0x0000016df05ee490,
0x0000016df05eeb20, 0x0000016df05ef1b0, 0x0000016df05ef840, 0x0000016df0024280,
0x0000016df0024fa0, 0x0000016df0022ed0, 0x0000016df0020e00
}

Java Threads: ( => current thread )
  0x0000016dd6de9250 JavaThread "main"                              [_thread_blocked, id=3356, stack(0x000000131c000000,0x000000131c100000) (1024K)]
  0x0000016deb11af30 JavaThread "Reference Handler"          daemon [_thread_blocked, id=11220, stack(0x000000131c400000,0x000000131c500000) (1024K)]
  0x0000016deb11e740 JavaThread "Finalizer"                  daemon [_thread_blocked, id=10736, stack(0x000000131c500000,0x000000131c600000) (1024K)]
  0x0000016deb120000 JavaThread "Signal Dispatcher"          daemon [_thread_blocked, id=2024, stack(0x000000131c600000,0x000000131c700000) (1024K)]
  0x0000016deb120d10 JavaThread "Attach Listener"            daemon [_thread_blocked, id=10792, stack(0x000000131c700000,0x000000131c800000) (1024K)]
  0x0000016deb122b50 JavaThread "Service Thread"             daemon [_thread_blocked, id=3128, stack(0x000000131c800000,0x000000131c900000) (1024K)]
  0x0000016deb1235a0 JavaThread "Monitor Deflation Thread"   daemon [_thread_blocked, id=10164, stack(0x000000131c900000,0x000000131ca00000) (1024K)]
=>0x0000016deb124320 JavaThread "C2 CompilerThread0"         daemon [_thread_in_native, id=7048, stack(0x000000131ca00000,0x000000131cb00000) (1024K)]
  0x0000016deb1947d0 JavaThread "C1 CompilerThread0"         daemon [_thread_in_native, id=5184, stack(0x000000131cb00000,0x000000131cc00000) (1024K)]
  0x0000016deb0bb6e0 JavaThread "Common-Cleaner"             daemon [_thread_blocked, id=6532, stack(0x000000131cc00000,0x000000131cd00000) (1024K)]
  0x0000016df0369d80 JavaThread "Notification Thread"        daemon [_thread_blocked, id=12560, stack(0x000000131cd00000,0x000000131ce00000) (1024K)]
  0x0000016df085b760 JavaThread "Active Thread: Equinox Container: 0564e49d-1dbe-4023-9529-fbfb509043fd"        [_thread_blocked, id=5040, stack(0x000000131d200000,0x000000131d300000) (1024K)]
  0x0000016df09902c0 JavaThread "Refresh Thread: Equinox Container: 0564e49d-1dbe-4023-9529-fbfb509043fd" daemon [_thread_blocked, id=5640, stack(0x000000131d100000,0x000000131d200000) (1024K)]
  0x0000016df09a5e50 JavaThread "Framework Event Dispatcher: Equinox Container: 0564e49d-1dbe-4023-9529-fbfb509043fd" daemon [_thread_blocked, id=4588, stack(0x000000131d300000,0x000000131d400000) (1024K)]
  0x0000016df09a64b0 JavaThread "Start Level: Equinox Container: 0564e49d-1dbe-4023-9529-fbfb509043fd" daemon [_thread_in_vm, id=2808, stack(0x000000131d400000,0x000000131d500000) (1024K)]
  0x0000016df05ee490 JavaThread "Bundle File Closer"         daemon [_thread_blocked, id=12088, stack(0x000000131d500000,0x000000131d600000) (1024K)]
  0x0000016df05eeb20 JavaThread "SCR Component Actor"        daemon [_thread_blocked, id=3436, stack(0x000000131d600000,0x000000131d700000) (1024K)]
  0x0000016df05ef1b0 JavaThread "SCR Component Registry"     daemon [_thread_blocked, id=11064, stack(0x000000131d700000,0x000000131d800000) (1024K)]
  0x0000016df05ef840 JavaThread "Worker-JM"                         [_thread_blocked, id=11284, stack(0x000000131d800000,0x000000131d900000) (1024K)]
  0x0000016df0024280 JavaThread "JNA Cleaner"                daemon [_thread_blocked, id=7712, stack(0x000000131d900000,0x000000131da00000) (1024K)]
  0x0000016df0024fa0 JavaThread "Worker-0: Checking project encoding"        [_thread_blocked, id=7184, stack(0x000000131da00000,0x000000131db00000) (1024K)]
  0x0000016df0022ed0 JavaThread "Worker-1: Refreshing workspace"        [_thread_blocked, id=13068, stack(0x000000131db00000,0x000000131dc00000) (1024K)]
  0x0000016df0020e00 JavaThread "Worker-2"                          [_thread_blocked, id=5944, stack(0x000000131dc00000,0x000000131dd00000) (1024K)]
Total: 23

Other Threads:
  0x0000016dd6eabf00 VMThread "VM Thread"                           [id=11320, stack(0x000000131c300000,0x000000131c400000) (1024K)]
  0x0000016dd6e5ae20 WatcherThread "VM Periodic Task Thread"        [id=11816, stack(0x000000131c200000,0x000000131c300000) (1024K)]
  0x0000016dd6e0a020 WorkerThread "GC Thread#0"                     [id=10336, stack(0x000000131c100000,0x000000131c200000) (1024K)]
  0x0000016df0673ba0 WorkerThread "GC Thread#1"                     [id=11608, stack(0x000000131ce00000,0x000000131cf00000) (1024K)]
  0x0000016df0673f40 WorkerThread "GC Thread#2"                     [id=6292, stack(0x000000131cf00000,0x000000131d000000) (1024K)]
  0x0000016df06742e0 WorkerThread "GC Thread#3"                     [id=11540, stack(0x000000131d000000,0x000000131d100000) (1024K)]
Total: 6

Threads with active compile tasks:
C2 CompilerThread0  14133 3381       4       java.lang.invoke.MethodType::makeImpl (109 bytes)
Total: 1

VM state: not at safepoint (normal execution)

VM Mutex/Monitor currently owned by a thread: None

Heap address: 0x00000000c0000000, size: 1024 MB, Compressed Oops mode: 32-bit

CDS archive(s) mapped at: [0x0000016d80000000-0x0000016d80ba0000-0x0000016d80ba0000), size 12189696, SharedBaseAddress: 0x0000016d80000000, ArchiveRelocationMode: 1.
Compressed class space mapped at: 0x0000016d81000000-0x0000016dc1000000, reserved size: 1073741824
Narrow klass base: 0x0000016d80000000, Narrow klass shift: 0, Narrow klass range: 0x100000000

GC Precious Log:
 CardTable entry size: 512
 CPUs: 4 total, 4 available
 Memory: 3977M
 Large Page Support: Disabled
 NUMA Support: Disabled
 Compressed Oops: Enabled (32-bit)
 Alignments: Space 512K, Generation 512K, Heap 2M
 Heap Min Capacity: 100M
 Heap Initial Capacity: 100M
 Heap Max Capacity: 1G
 Pre-touch: Disabled
 Parallel Workers: 4

Heap:
 PSYoungGen      total 29184K, used 17992K [0x00000000eab00000, 0x00000000ed080000, 0x0000000100000000)
  eden space 25088K, 55% used [0x00000000eab00000,0x00000000eb894078,0x00000000ec380000)
  from space 4096K, 99% used [0x00000000ec400000,0x00000000ec7fe090,0x00000000ec800000)
  to   space 6656K, 0% used [0x00000000eca00000,0x00000000eca00000,0x00000000ed080000)
 ParOldGen       total 68608K, used 8479K [0x00000000c0000000, 0x00000000c4300000, 0x00000000eab00000)
  object space 68608K, 12% used [0x00000000c0000000,0x00000000c0847e58,0x00000000c4300000)
 Metaspace       used 17671K, committed 18240K, reserved 1114112K
  class space    used 1757K, committed 1984K, reserved 1048576K

Card table byte_map: [0x0000016dd6790000,0x0000016dd69a0000] _byte_map_base: 0x0000016dd6190000

Marking Bits: (ParMarkBitMap*) 0x00007ffa16de3260
 Begin Bits: [0x0000016de8fe0000, 0x0000016de9fe0000)
 End Bits:   [0x0000016de9fe0000, 0x0000016deafe0000)

Polling page: 0x0000016dd4cb0000

Metaspace:

Usage:
  Non-class:     15.54 MB used.
      Class:      1.72 MB used.
       Both:     17.26 MB used.

Virtual space:
  Non-class space:       64.00 MB reserved,      15.88 MB ( 25%) committed,  1 nodes.
      Class space:        1.00 GB reserved,       1.94 MB ( <1%) committed,  1 nodes.
             Both:        1.06 GB reserved,      17.81 MB (  2%) committed. 

Chunk freelists:
   Non-Class:  15.70 MB
       Class:  14.06 MB
        Both:  29.77 MB

MaxMetaspaceSize: unlimited
CompressedClassSpaceSize: 1.00 GB
Initial GC threshold: 21.00 MB
Current GC threshold: 21.00 MB
CDS: on
 - commit_granule_bytes: 65536.
 - commit_granule_words: 8192.
 - virtual_space_node_default_size: 8388608.
 - enlarge_chunks_in_place: 1.
 - use_allocation_guard: 0.


Internal statistics:

num_allocs_failed_limit: 0.
num_arena_births: 526.
num_arena_deaths: 0.
num_vsnodes_births: 2.
num_vsnodes_deaths: 0.
num_space_committed: 285.
num_space_uncommitted: 0.
num_chunks_returned_to_freelist: 0.
num_chunks_taken_from_freelist: 1142.
num_chunk_merges: 0.
num_chunk_splits: 753.
num_chunks_enlarged: 493.
num_inconsistent_stats: 0.

CodeHeap 'non-profiled nmethods': size=120000Kb used=1470Kb max_used=1470Kb free=118529Kb
 bounds [0x0000016de1ab0000, 0x0000016de1d20000, 0x0000016de8fe0000]
CodeHeap 'profiled nmethods': size=120000Kb used=7065Kb max_used=7065Kb free=112934Kb
 bounds [0x0000016dd9fe0000, 0x0000016dda6d0000, 0x0000016de1510000]
CodeHeap 'non-nmethods': size=5760Kb used=1276Kb max_used=1292Kb free=4483Kb
 bounds [0x0000016de1510000, 0x0000016de1780000, 0x0000016de1ab0000]
 total_blobs=3990 nmethods=3434 adapters=462
 compilation: enabled
              stopped_count=0, restarted_count=0
 full_count=0

Compilation events (20 events):
Event: 13.779 Thread 0x0000016deb1947d0 3418       3       org.apache.felix.scr.impl.manager.DependencyManager::cardinalitySatisfied (14 bytes)
Event: 13.780 Thread 0x0000016deb1947d0 nmethod 3418 0x0000016dda6c0810 code [0x0000016dda6c09a0, 0x0000016dda6c0b00]
Event: 13.787 Thread 0x0000016deb1947d0 3420       3       java.lang.invoke.InvokerBytecodeGenerator::generateCustomizedCode (34 bytes)
Event: 13.788 Thread 0x0000016deb1947d0 nmethod 3420 0x0000016dda6c0b90 code [0x0000016dda6c0d80, 0x0000016dda6c1040]
Event: 13.793 Thread 0x0000016deb1947d0 3423       3       java.lang.invoke.LambdaFormEditor$TransformKey::ival (25 bytes)
Event: 13.793 Thread 0x0000016deb1947d0 nmethod 3423 0x0000016dda6c1190 code [0x0000016dda6c1320, 0x0000016dda6c1420]
Event: 13.796 Thread 0x0000016deb1947d0 3426       3       java.lang.invoke.InvokerBytecodeGenerator::<init> (80 bytes)
Event: 13.797 Thread 0x0000016deb1947d0 nmethod 3426 0x0000016dda6c1490 code [0x0000016dda6c1660, 0x0000016dda6c19f8]
Event: 13.797 Thread 0x0000016deb1947d0 3427       3       jdk.internal.org.objectweb.asm.SymbolTable::putBootstrapMethods (56 bytes)
Event: 13.798 Thread 0x0000016deb1947d0 nmethod 3427 0x0000016dda6c1c90 code [0x0000016dda6c1ea0, 0x0000016dda6c21c0]
Event: 13.798 Thread 0x0000016deb1947d0 3428       3       java.lang.invoke.MethodHandles$Lookup$ClassFile::<init> (20 bytes)
Event: 13.798 Thread 0x0000016deb1947d0 nmethod 3428 0x0000016dda6c2390 code [0x0000016dda6c2540, 0x0000016dda6c26e0]
Event: 13.798 Thread 0x0000016deb1947d0 3429       3       java.lang.invoke.MethodHandles$Lookup$ClassDefiner::<init> (64 bytes)
Event: 13.798 Thread 0x0000016deb1947d0 nmethod 3429 0x0000016dda6c2790 code [0x0000016dda6c2940, 0x0000016dda6c2b18]
Event: 13.798 Thread 0x0000016deb1947d0 3430   !   3       java.lang.invoke.MethodHandles$Lookup$ClassDefiner::defineClass (213 bytes)
Event: 13.800 Thread 0x0000016deb1947d0 nmethod 3430 0x0000016dda6c2c10 code [0x0000016dda6c2e80, 0x0000016dda6c37d8]
Event: 13.800 Thread 0x0000016deb1947d0 3431       3       java.lang.System$2::defineClass (21 bytes)
Event: 13.801 Thread 0x0000016deb1947d0 nmethod 3431 0x0000016dda6c3c90 code [0x0000016dda6c3e40, 0x0000016dda6c3fb8]
Event: 13.801 Thread 0x0000016deb1947d0 3434       3       java.lang.invoke.MethodHandles$Lookup::makeHiddenClassDefiner (20 bytes)
Event: 13.801 Thread 0x0000016deb1947d0 nmethod 3434 0x0000016dda6c4090 code [0x0000016dda6c4260, 0x0000016dda6c4568]

GC Heap History (10 events):
Event: 3.764 GC heap before
{Heap before GC invocations=1 (full 0):
 PSYoungGen      total 29696K, used 25600K [0x00000000eab00000, 0x00000000ecc00000, 0x0000000100000000)
  eden space 25600K, 100% used [0x00000000eab00000,0x00000000ec400000,0x00000000ec400000)
  from space 4096K, 0% used [0x00000000ec800000,0x00000000ec800000,0x00000000ecc00000)
  to   space 4096K, 0% used [0x00000000ec400000,0x00000000ec400000,0x00000000ec800000)
 ParOldGen       total 68608K, used 0K [0x00000000c0000000, 0x00000000c4300000, 0x00000000eab00000)
  object space 68608K, 0% used [0x00000000c0000000,0x00000000c0000000,0x00000000c4300000)
 Metaspace       used 4362K, committed 4544K, reserved 1114112K
  class space    used 439K, committed 512K, reserved 1048576K
}
Event: 3.801 GC heap after
{Heap after GC invocations=1 (full 0):
 PSYoungGen      total 29696K, used 3205K [0x00000000eab00000, 0x00000000ecc00000, 0x0000000100000000)
  eden space 25600K, 0% used [0x00000000eab00000,0x00000000eab00000,0x00000000ec400000)
  from space 4096K, 78% used [0x00000000ec400000,0x00000000ec7217f0,0x00000000ec800000)
  to   space 4096K, 0% used [0x00000000ec800000,0x00000000ec800000,0x00000000ecc00000)
 ParOldGen       total 68608K, used 0K [0x00000000c0000000, 0x00000000c4300000, 0x00000000eab00000)
  object space 68608K, 0% used [0x00000000c0000000,0x00000000c0000000,0x00000000c4300000)
 Metaspace       used 4362K, committed 4544K, reserved 1114112K
  class space    used 439K, committed 512K, reserved 1048576K
}
Event: 6.269 GC heap before
{Heap before GC invocations=2 (full 0):
 PSYoungGen      total 29696K, used 28805K [0x00000000eab00000, 0x00000000ecc00000, 0x0000000100000000)
  eden space 25600K, 100% used [0x00000000eab00000,0x00000000ec400000,0x00000000ec400000)
  from space 4096K, 78% used [0x00000000ec400000,0x00000000ec7217f0,0x00000000ec800000)
  to   space 4096K, 0% used [0x00000000ec800000,0x00000000ec800000,0x00000000ecc00000)
 ParOldGen       total 68608K, used 0K [0x00000000c0000000, 0x00000000c4300000, 0x00000000eab00000)
  object space 68608K, 0% used [0x00000000c0000000,0x00000000c0000000,0x00000000c4300000)
 Metaspace       used 8050K, committed 8384K, reserved 1114112K
  class space    used 790K, committed 960K, reserved 1048576K
}
Event: 6.279 GC heap after
{Heap after GC invocations=2 (full 0):
 PSYoungGen      total 29696K, used 4068K [0x00000000eab00000, 0x00000000ecc00000, 0x0000000100000000)
  eden space 25600K, 0% used [0x00000000eab00000,0x00000000eab00000,0x00000000ec400000)
  from space 4096K, 99% used [0x00000000ec800000,0x00000000ecbf9178,0x00000000ecc00000)
  to   space 4096K, 0% used [0x00000000ec400000,0x00000000ec400000,0x00000000ec800000)
 ParOldGen       total 68608K, used 1715K [0x00000000c0000000, 0x00000000c4300000, 0x00000000eab00000)
  object space 68608K, 2% used [0x00000000c0000000,0x00000000c01acf30,0x00000000c4300000)
 Metaspace       used 8050K, committed 8384K, reserved 1114112K
  class space    used 790K, committed 960K, reserved 1048576K
}
Event: 7.996 GC heap before
{Heap before GC invocations=3 (full 0):
 PSYoungGen      total 29696K, used 29668K [0x00000000eab00000, 0x00000000ecc00000, 0x0000000100000000)
  eden space 25600K, 100% used [0x00000000eab00000,0x00000000ec400000,0x00000000ec400000)
  from space 4096K, 99% used [0x00000000ec800000,0x00000000ecbf9178,0x00000000ecc00000)
  to   space 4096K, 0% used [0x00000000ec400000,0x00000000ec400000,0x00000000ec800000)
 ParOldGen       total 68608K, used 1715K [0x00000000c0000000, 0x00000000c4300000, 0x00000000eab00000)
  object space 68608K, 2% used [0x00000000c0000000,0x00000000c01acf30,0x00000000c4300000)
 Metaspace       used 9216K, committed 9536K, reserved 1114112K
  class space    used 916K, committed 1088K, reserved 1048576K
}
Event: 8.004 GC heap after
{Heap after GC invocations=3 (full 0):
 PSYoungGen      total 29696K, used 4074K [0x00000000eab00000, 0x00000000ecc00000, 0x0000000100000000)
  eden space 25600K, 0% used [0x00000000eab00000,0x00000000eab00000,0x00000000ec400000)
  from space 4096K, 99% used [0x00000000ec400000,0x00000000ec7faac8,0x00000000ec800000)
  to   space 4096K, 0% used [0x00000000ec800000,0x00000000ec800000,0x00000000ecc00000)
 ParOldGen       total 68608K, used 5751K [0x00000000c0000000, 0x00000000c4300000, 0x00000000eab00000)
  object space 68608K, 8% used [0x00000000c0000000,0x00000000c059dfa0,0x00000000c4300000)
 Metaspace       used 9216K, committed 9536K, reserved 1114112K
  class space    used 916K, committed 1088K, reserved 1048576K
}
Event: 10.545 GC heap before
{Heap before GC invocations=4 (full 0):
 PSYoungGen      total 29696K, used 29648K [0x00000000eab00000, 0x00000000ecc00000, 0x0000000100000000)
  eden space 25600K, 99% used [0x00000000eab00000,0x00000000ec3f97c0,0x00000000ec400000)
  from space 4096K, 99% used [0x00000000ec400000,0x00000000ec7faac8,0x00000000ec800000)
  to   space 4096K, 0% used [0x00000000ec800000,0x00000000ec800000,0x00000000ecc00000)
 ParOldGen       total 68608K, used 5751K [0x00000000c0000000, 0x00000000c4300000, 0x00000000eab00000)
  object space 68608K, 8% used [0x00000000c0000000,0x00000000c059dfa0,0x00000000c4300000)
 Metaspace       used 12321K, committed 12736K, reserved 1114112K
  class space    used 1212K, committed 1408K, reserved 1048576K
}
Event: 10.552 GC heap after
{Heap after GC invocations=4 (full 0):
 PSYoungGen      total 29696K, used 4083K [0x00000000eab00000, 0x00000000ecc00000, 0x0000000100000000)
  eden space 25600K, 0% used [0x00000000eab00000,0x00000000eab00000,0x00000000ec400000)
  from space 4096K, 99% used [0x00000000ec800000,0x00000000ecbfce38,0x00000000ecc00000)
  to   space 4096K, 0% used [0x00000000ec400000,0x00000000ec400000,0x00000000ec800000)
 ParOldGen       total 68608K, used 6597K [0x00000000c0000000, 0x00000000c4300000, 0x00000000eab00000)
  object space 68608K, 9% used [0x00000000c0000000,0x00000000c0671498,0x00000000c4300000)
 Metaspace       used 12321K, committed 12736K, reserved 1114112K
  class space    used 1212K, committed 1408K, reserved 1048576K
}
Event: 13.129 GC heap before
{Heap before GC invocations=5 (full 0):
 PSYoungGen      total 29696K, used 29683K [0x00000000eab00000, 0x00000000ecc00000, 0x0000000100000000)
  eden space 25600K, 100% used [0x00000000eab00000,0x00000000ec400000,0x00000000ec400000)
  from space 4096K, 99% used [0x00000000ec800000,0x00000000ecbfce38,0x00000000ecc00000)
  to   space 4096K, 0% used [0x00000000ec400000,0x00000000ec400000,0x00000000ec800000)
 ParOldGen       total 68608K, used 6597K [0x00000000c0000000, 0x00000000c4300000, 0x00000000eab00000)
  object space 68608K, 9% used [0x00000000c0000000,0x00000000c0671498,0x00000000c4300000)
 Metaspace       used 15551K, committed 16128K, reserved 1114112K
  class space    used 1517K, committed 1792K, reserved 1048576K
}
Event: 13.136 GC heap after
{Heap after GC invocations=5 (full 0):
 PSYoungGen      total 29184K, used 4088K [0x00000000eab00000, 0x00000000ed080000, 0x0000000100000000)
  eden space 25088K, 0% used [0x00000000eab00000,0x00000000eab00000,0x00000000ec380000)
  from space 4096K, 99% used [0x00000000ec400000,0x00000000ec7fe090,0x00000000ec800000)
  to   space 6656K, 0% used [0x00000000eca00000,0x00000000eca00000,0x00000000ed080000)
 ParOldGen       total 68608K, used 8479K [0x00000000c0000000, 0x00000000c4300000, 0x00000000eab00000)
  object space 68608K, 12% used [0x00000000c0000000,0x00000000c0847e58,0x00000000c4300000)
 Metaspace       used 15551K, committed 16128K, reserved 1114112K
  class space    used 1517K, committed 1792K, reserved 1048576K
}

Dll operation events (10 events):
Event: 0.015 Loaded shared library c:\Users\harisnaseer\.vscode\extensions\redhat.java-1.41.1-win32-x64\jre\21.0.6-win32-x86_64\bin\java.dll
Event: 0.361 Loaded shared library c:\Users\harisnaseer\.vscode\extensions\redhat.java-1.41.1-win32-x64\jre\21.0.6-win32-x86_64\bin\zip.dll
Event: 0.412 Loaded shared library C:\Users\harisnaseer\.vscode\extensions\redhat.java-1.41.1-win32-x64\jre\21.0.6-win32-x86_64\bin\instrument.dll
Event: 0.421 Loaded shared library C:\Users\harisnaseer\.vscode\extensions\redhat.java-1.41.1-win32-x64\jre\21.0.6-win32-x86_64\bin\net.dll
Event: 0.424 Loaded shared library C:\Users\harisnaseer\.vscode\extensions\redhat.java-1.41.1-win32-x64\jre\21.0.6-win32-x86_64\bin\nio.dll
Event: 0.430 Loaded shared library C:\Users\harisnaseer\.vscode\extensions\redhat.java-1.41.1-win32-x64\jre\21.0.6-win32-x86_64\bin\zip.dll
Event: 0.492 Loaded shared library C:\Users\harisnaseer\.vscode\extensions\redhat.java-1.41.1-win32-x64\jre\21.0.6-win32-x86_64\bin\jimage.dll
Event: 0.922 Loaded shared library c:\Users\harisnaseer\.vscode\extensions\redhat.java-1.41.1-win32-x64\jre\21.0.6-win32-x86_64\bin\verify.dll
Event: 6.172 Loaded shared library C:\Users\harisnaseer\AppData\Roaming\Code\User\globalStorage\redhat.java\1.41.1\config_win\org.eclipse.equinox.launcher\org.eclipse.equinox.launcher.win32.win32.x86_64_1.2.1300.v20250331-1702\eclipse_11911.dll
Event: 13.469 Loaded shared library C:\Users\harisnaseer\AppData\Local\Temp\jna-859814389\jna12244387797178843386.dll

Deoptimization events (20 events):
Event: 13.112 Thread 0x0000016df09a64b0 DEOPT PACKING pc=0x0000016dda68fdbe sp=0x000000131d4f9430
Event: 13.112 Thread 0x0000016df09a64b0 DEOPT UNPACKING pc=0x0000016de1564242 sp=0x000000131d4f8970 mode 0
Event: 13.116 Thread 0x0000016df09a64b0 DEOPT PACKING pc=0x0000016dda68fdbe sp=0x000000131d4f93c0
Event: 13.116 Thread 0x0000016df09a64b0 DEOPT UNPACKING pc=0x0000016de1564242 sp=0x000000131d4f8900 mode 0
Event: 13.370 Thread 0x0000016df09a64b0 Uncommon trap: trap_request=0xffffff45 fr.pc=0x0000016de1ae5ba8 relative=0x0000000000000688
Event: 13.370 Thread 0x0000016df09a64b0 Uncommon trap: reason=unstable_if action=reinterpret pc=0x0000016de1ae5ba8 method=java.lang.String.replace(Ljava/lang/CharSequence;Ljava/lang/CharSequence;)Ljava/lang/String; @ 42 c2
Event: 13.370 Thread 0x0000016df09a64b0 DEOPT PACKING pc=0x0000016de1ae5ba8 sp=0x000000131d4f7540
Event: 13.370 Thread 0x0000016df09a64b0 DEOPT UNPACKING pc=0x0000016de1563aa2 sp=0x000000131d4f74c0 mode 2
Event: 13.543 Thread 0x0000016df09a64b0 Uncommon trap: trap_request=0xffffffc6 fr.pc=0x0000016de1b3d40c relative=0x0000000000000a0c
Event: 13.543 Thread 0x0000016df09a64b0 Uncommon trap: reason=bimorphic_or_optimized_type_check action=maybe_recompile pc=0x0000016de1b3d40c method=java.util.HashMap.putVal(ILjava/lang/Object;Ljava/lang/Object;ZZ)Ljava/lang/Object; @ 91 c2
Event: 13.543 Thread 0x0000016df09a64b0 DEOPT PACKING pc=0x0000016de1b3d40c sp=0x000000131d4f7c00
Event: 13.543 Thread 0x0000016df09a64b0 DEOPT UNPACKING pc=0x0000016de1563aa2 sp=0x000000131d4f7b28 mode 2
Event: 13.544 Thread 0x0000016df09a64b0 Uncommon trap: trap_request=0xffffff45 fr.pc=0x0000016de1c0fa28 relative=0x0000000000000948
Event: 13.544 Thread 0x0000016df09a64b0 Uncommon trap: reason=unstable_if action=reinterpret pc=0x0000016de1c0fa28 method=java.util.concurrent.ConcurrentHashMap.putVal(Ljava/lang/Object;Ljava/lang/Object;Z)Ljava/lang/Object; @ 401 c2
Event: 13.544 Thread 0x0000016df09a64b0 DEOPT PACKING pc=0x0000016de1c0fa28 sp=0x000000131d4f7400
Event: 13.545 Thread 0x0000016df09a64b0 DEOPT UNPACKING pc=0x0000016de1563aa2 sp=0x000000131d4f7370 mode 2
Event: 13.647 Thread 0x0000016df09a64b0 Uncommon trap: trap_request=0xffffff45 fr.pc=0x0000016de1bfbba4 relative=0x0000000000000084
Event: 13.647 Thread 0x0000016df09a64b0 Uncommon trap: reason=unstable_if action=reinterpret pc=0x0000016de1bfbba4 method=java.lang.ref.SoftReference.get()Ljava/lang/Object; @ 6 c2
Event: 13.647 Thread 0x0000016df09a64b0 DEOPT PACKING pc=0x0000016de1bfbba4 sp=0x000000131d4f96c0
Event: 13.647 Thread 0x0000016df09a64b0 DEOPT UNPACKING pc=0x0000016de1563aa2 sp=0x000000131d4f9658 mode 2

Classes loaded (20 events):
Event: 13.500 Loading class java/lang/reflect/UndeclaredThrowableException
Event: 13.501 Loading class java/lang/reflect/UndeclaredThrowableException done
Event: 13.501 Loading class java/lang/Class$AnnotationData
Event: 13.501 Loading class java/lang/Class$AnnotationData done
Event: 13.503 Loading class jdk/internal/reflect/MethodHandleIntegerFieldAccessorImpl
Event: 13.503 Loading class jdk/internal/reflect/MethodHandleIntegerFieldAccessorImpl done
Event: 13.524 Loading class java/io/PrintWriter
Event: 13.524 Loading class java/io/PrintWriter done
Event: 13.541 Loading class jdk/internal/reflect/MethodHandleShortFieldAccessorImpl
Event: 13.542 Loading class jdk/internal/reflect/MethodHandleShortFieldAccessorImpl done
Event: 13.542 Loading class java/lang/Short$ShortCache
Event: 13.542 Loading class java/lang/Short$ShortCache done
Event: 13.622 Loading class java/util/function/LongUnaryOperator
Event: 13.622 Loading class java/util/function/LongUnaryOperator done
Event: 13.623 Loading class java/lang/ThreadDeath
Event: 13.624 Loading class java/lang/ThreadDeath done
Event: 13.652 Loading class java/util/stream/SortedOps$SizedRefSortingSink
Event: 13.652 Loading class java/util/stream/SortedOps$SizedRefSortingSink done
Event: 13.767 Loading class java/util/concurrent/atomic/Striped64$1
Event: 13.767 Loading class java/util/concurrent/atomic/Striped64$1 done

Classes unloaded (0 events):
No events

Classes redefined (0 events):
No events

Internal exceptions (20 events):
Event: 12.031 Thread 0x0000016df09a64b0 Exception <a 'java/lang/NoSuchMethodError'{0x00000000eb9264d0}: 'void java.lang.invoke.Invokers$Holder.invokeExact_MT(java.lang.Object, java.lang.Object, java.lang.Object, java.lang.Object)'> (0x00000000eb9264d0) 
thrown [s\src\hotspot\share\interpreter\linkResolver.cpp, line 773]
Event: 12.493 Thread 0x0000016df09a64b0 Exception <a 'java/io/FileNotFoundException'{0x00000000ebbd2c48}> (0x00000000ebbd2c48) 
thrown [s\src\hotspot\share\prims\jni.cpp, line 520]
Event: 12.494 Thread 0x0000016df09a64b0 Exception <a 'java/io/FileNotFoundException'{0x00000000ebbda5b8}> (0x00000000ebbda5b8) 
thrown [s\src\hotspot\share\prims\jni.cpp, line 520]
Event: 13.255 Thread 0x0000016df09a64b0 Exception <a 'java/lang/NoSuchMethodError'{0x00000000eac625d8}: 'java.lang.Object java.lang.invoke.DirectMethodHandle$Holder.invokeStaticInit(java.lang.Object, int)'> (0x00000000eac625d8) 
thrown [s\src\hotspot\share\interpreter\linkResolver.cpp, line 773]
Event: 13.376 Thread 0x0000016df09a64b0 Exception <a 'java/lang/NoSuchMethodError'{0x00000000eaedb4e0}: 'java.lang.Object java.lang.invoke.DirectMethodHandle$Holder.invokeStaticInit(java.lang.Object, int, int, int, int)'> (0x00000000eaedb4e0) 
thrown [s\src\hotspot\share\interpreter\linkResolver.cpp, line 773]
Event: 13.446 Thread 0x0000016df09a64b0 Exception <a 'java/lang/NoSuchMethodError'{0x00000000eafaac48}: 'java.lang.Object java.lang.invoke.DirectMethodHandle$Holder.invokeStaticInit(java.lang.Object, java.lang.Object, int, int, int, int)'> (0x00000000eafaac48) 
thrown [s\src\hotspot\share\interpreter\linkResolver.cpp, line 773]
Event: 13.503 Thread 0x0000016df09a64b0 Exception <a 'java/lang/NoSuchMethodError'{0x00000000eb0ba610}: 'void java.lang.invoke.DirectMethodHandle$Holder.invokeSpecial(java.lang.Object, java.lang.Object, java.lang.Object, int)'> (0x00000000eb0ba610) 
thrown [s\src\hotspot\share\interpreter\linkResolver.cpp, line 773]
Event: 13.504 Thread 0x0000016df09a64b0 Exception <a 'java/lang/NoSuchMethodError'{0x00000000eb0bdfa0}: 'void java.lang.invoke.DelegatingMethodHandle$Holder.reinvoke_L(java.lang.Object, java.lang.Object, int)'> (0x00000000eb0bdfa0) 
thrown [s\src\hotspot\share\interpreter\linkResolver.cpp, line 773]
Event: 13.505 Thread 0x0000016df09a64b0 Exception <a 'java/lang/NoSuchMethodError'{0x00000000eb0c4cd8}: 'int java.lang.invoke.Invokers$Holder.invokeExact_MT(java.lang.Object, java.lang.Object, java.lang.Object)'> (0x00000000eb0c4cd8) 
thrown [s\src\hotspot\share\interpreter\linkResolver.cpp, line 773]
Event: 13.555 Thread 0x0000016df09a64b0 Exception <a 'java/lang/NoSuchMethodError'{0x00000000eb1cd090}: 'void java.lang.invoke.Invokers$Holder.invokeExact_MT(java.lang.Object, java.lang.Object, int, java.lang.Object)'> (0x00000000eb1cd090) 
thrown [s\src\hotspot\share\interpreter\linkResolver.cpp, line 773]
Event: 13.604 Thread 0x0000016df09a64b0 Exception <a 'java/lang/NoSuchMethodError'{0x00000000eb302da0}: 'java.lang.Object java.lang.invoke.DirectMethodHandle$Holder.invokeSpecial(java.lang.Object, java.lang.Object, java.lang.Object, long, java.lang.Object)'> (0x00000000eb302da0) 
thrown [s\src\hotspot\share\interpreter\linkResolver.cpp, line 773]
Event: 13.617 Thread 0x0000016df09a64b0 Exception <a 'java/lang/NoSuchMethodError'{0x00000000eb30a530}: 'java.lang.Object java.lang.invoke.DirectMethodHandle$Holder.newInvokeSpecial(java.lang.Object, java.lang.Object, java.lang.Object, long)'> (0x00000000eb30a530) 
thrown [s\src\hotspot\share\interpreter\linkResolver.cpp, line 773]
Event: 13.617 Thread 0x0000016df09a64b0 Exception <a 'java/lang/NoSuchMethodError'{0x00000000eb30e1b0}: 'java.lang.Object java.lang.invoke.Invokers$Holder.linkToTargetMethod(java.lang.Object, java.lang.Object, long, java.lang.Object)'> (0x00000000eb30e1b0) 
thrown [s\src\hotspot\share\interpreter\linkResolver.cpp, line 773]
Event: 13.648 Thread 0x0000016df09a64b0 Exception <a 'java/lang/NoSuchMethodError'{0x00000000eb375c78}: 'int java.lang.invoke.DirectMethodHandle$Holder.invokeStaticInit(java.lang.Object, java.lang.Object, java.lang.Object)'> (0x00000000eb375c78) 
thrown [s\src\hotspot\share\interpreter\linkResolver.cpp, line 773]
Event: 13.709 Thread 0x0000016df09a64b0 Exception <a 'java/lang/IncompatibleClassChangeError'{0x00000000eb42a6d0}: Found class java.lang.Object, but interface was expected> (0x00000000eb42a6d0) 
thrown [s\src\hotspot\share\interpreter\linkResolver.cpp, line 840]
Event: 13.721 Thread 0x0000016df09a64b0 Exception <a 'java/lang/NoSuchMethodError'{0x00000000eb4444e8}: 'java.lang.Object java.lang.invoke.DirectMethodHandle$Holder.invokeSpecial(java.lang.Object, java.lang.Object, java.lang.Object, int, java.lang.Object, java.lang.Object)'> (0x00000000eb4444e8) 
thrown [s\src\hotspot\share\interpreter\linkResolver.cpp, line 773]
Event: 13.723 Thread 0x0000016df09a64b0 Exception <a 'java/lang/NoSuchMethodError'{0x00000000eb44bdf8}: 'java.lang.Object java.lang.invoke.DirectMethodHandle$Holder.newInvokeSpecial(java.lang.Object, java.lang.Object, java.lang.Object, int, java.lang.Object)'> (0x00000000eb44bdf8) 
thrown [s\src\hotspot\share\interpreter\linkResolver.cpp, line 773]
Event: 13.724 Thread 0x0000016df09a64b0 Exception <a 'java/lang/NoSuchMethodError'{0x00000000eb44f8e8}: 'java.lang.Object java.lang.invoke.Invokers$Holder.linkToTargetMethod(java.lang.Object, java.lang.Object, int, java.lang.Object, java.lang.Object)'> (0x00000000eb44f8e8) 
thrown [s\src\hotspot\share\interpreter\linkResolver.cpp, line 773]
Event: 13.731 Thread 0x0000016df0024fa0 Exception <a 'java/lang/NoSuchMethodError'{0x00000000eb3badf0}: 'java.lang.Object java.lang.invoke.DirectMethodHandle$Holder.invokeSpecial(java.lang.Object, java.lang.Object, int, java.lang.Object, java.lang.Object)'> (0x00000000eb3badf0) 
thrown [s\src\hotspot\share\interpreter\linkResolver.cpp, line 773]
Event: 13.774 Thread 0x0000016df09a64b0 Exception <a 'java/lang/NoSuchMethodError'{0x00000000eb5308c0}: 'void java.lang.invoke.DirectMethodHandle$Holder.invokeSpecial(java.lang.Object, java.lang.Object, java.lang.Object, java.lang.Object, java.lang.Object)'> (0x00000000eb5308c0) 
thrown [s\src\hotspot\share\interpreter\linkResolver.cpp, line 773]

ZGC Phase Switch (0 events):
No events

VM Operations (20 events):
Event: 9.140 Executing VM operation: Cleanup
Event: 9.140 Executing VM operation: Cleanup done
Event: 10.140 Executing VM operation: Cleanup
Event: 10.198 Executing VM operation: Cleanup done
Event: 10.545 Executing VM operation: ParallelGCFailedAllocation (Allocation Failure)
Event: 10.552 Executing VM operation: ParallelGCFailedAllocation (Allocation Failure) done
Event: 11.552 Executing VM operation: Cleanup
Event: 11.552 Executing VM operation: Cleanup done
Event: 12.552 Executing VM operation: Cleanup
Event: 12.552 Executing VM operation: Cleanup done
Event: 12.648 Executing VM operation: HandshakeAllThreads (Deoptimize)
Event: 12.648 Executing VM operation: HandshakeAllThreads (Deoptimize) done
Event: 13.128 Executing VM operation: ParallelGCFailedAllocation (Allocation Failure)
Event: 13.136 Executing VM operation: ParallelGCFailedAllocation (Allocation Failure) done
Event: 13.277 Executing VM operation: HandshakeAllThreads (Deoptimize)
Event: 13.277 Executing VM operation: HandshakeAllThreads (Deoptimize) done
Event: 13.438 Executing VM operation: HandshakeAllThreads (Deoptimize)
Event: 13.438 Executing VM operation: HandshakeAllThreads (Deoptimize) done
Event: 13.487 Executing VM operation: HandshakeAllThreads (Deoptimize)
Event: 13.487 Executing VM operation: HandshakeAllThreads (Deoptimize) done

Memory protections (0 events):
No events

Nmethod flushes (0 events):
No events

Events (20 events):
Event: 0.108 Thread 0x0000016dd6de9250 Thread added: 0x0000016deb1235a0
Event: 0.108 Thread 0x0000016dd6de9250 Thread added: 0x0000016deb124320
Event: 0.131 Thread 0x0000016dd6de9250 Thread added: 0x0000016deb1947d0
Event: 0.325 Thread 0x0000016dd6de9250 Thread added: 0x0000016deb0bb6e0
Event: 1.581 Thread 0x0000016dd6de9250 Thread added: 0x0000016df0369d80
Event: 2.168 Thread 0x0000016deb1947d0 Thread added: 0x0000016df02860c0
Event: 2.809 Thread 0x0000016df02860c0 Thread exited: 0x0000016df02860c0
Event: 4.523 Thread 0x0000016deb1947d0 Thread added: 0x0000016df083a7f0
Event: 5.251 Thread 0x0000016dd6de9250 Thread added: 0x0000016df085b760
Event: 5.785 Thread 0x0000016df083a7f0 Thread exited: 0x0000016df083a7f0
Event: 6.128 Thread 0x0000016dd6de9250 Thread added: 0x0000016df09902c0
Event: 6.287 Thread 0x0000016df09902c0 Thread added: 0x0000016df09a5e50
Event: 6.328 Thread 0x0000016dd6de9250 Thread added: 0x0000016df09a64b0
Event: 7.473 Thread 0x0000016df09a64b0 Thread added: 0x0000016df05ee490
Event: 8.402 Thread 0x0000016df09a64b0 Thread added: 0x0000016df05eeb20
Event: 9.011 Thread 0x0000016df09a64b0 Thread added: 0x0000016df05ef1b0
Event: 11.455 Thread 0x0000016df09a64b0 Thread added: 0x0000016df05ef840
Event: 13.520 Thread 0x0000016df09a64b0 Thread added: 0x0000016df0024280
Event: 13.638 Thread 0x0000016df09a64b0 Thread added: 0x0000016df0024fa0
Event: 13.734 Thread 0x0000016df09a64b0 Thread added: 0x0000016df0022ed0


Dynamic libraries:
0x00007ff681240000 - 0x00007ff68124e000 	c:\Users\harisnaseer\.vscode\extensions\redhat.java-1.41.1-win32-x64\jre\21.0.6-win32-x86_64\bin\java.exe
0x00007ffa81fa0000 - 0x00007ffa82190000 	C:\Windows\SYSTEM32\ntdll.dll
0x00007ffa80ca0000 - 0x00007ffa80d52000 	C:\Windows\System32\KERNEL32.DLL
0x00007ffa7f6b0000 - 0x00007ffa7f953000 	C:\Windows\System32\KERNELBASE.dll
0x00007ffa7fd20000 - 0x00007ffa7fe1a000 	C:\Windows\System32\ucrtbase.dll
0x00007ffa7b560000 - 0x00007ffa7b578000 	c:\Users\harisnaseer\.vscode\extensions\redhat.java-1.41.1-win32-x64\jre\21.0.6-win32-x86_64\bin\jli.dll
0x00007ffa81d10000 - 0x00007ffa81ea3000 	C:\Windows\System32\USER32.dll
0x00007ffa7ffc0000 - 0x00007ffa7ffe1000 	C:\Windows\System32\win32u.dll
0x00007ffa80c70000 - 0x00007ffa80c96000 	C:\Windows\System32\GDI32.dll
0x00007ffa7fb80000 - 0x00007ffa7fd14000 	C:\Windows\System32\gdi32full.dll
0x00007ffa7fed0000 - 0x00007ffa7ff6e000 	C:\Windows\System32\msvcp_win.dll
0x00007ffa5ff40000 - 0x00007ffa5ff5e000 	c:\Users\harisnaseer\.vscode\extensions\redhat.java-1.41.1-win32-x64\jre\21.0.6-win32-x86_64\bin\VCRUNTIME140.dll
0x00007ffa62200000 - 0x00007ffa62485000 	C:\Windows\WinSxS\amd64_microsoft.windows.common-controls_6595b64144ccf1df_6.0.18362.295_none_e6c3acbd13101292\COMCTL32.dll
0x00007ffa81730000 - 0x00007ffa817ce000 	C:\Windows\System32\msvcrt.dll
0x00007ffa80930000 - 0x00007ffa80c66000 	C:\Windows\System32\combase.dll
0x00007ffa817d0000 - 0x00007ffa818f0000 	C:\Windows\System32\RPCRT4.dll
0x00007ffa7f960000 - 0x00007ffa7f9e0000 	C:\Windows\System32\bcryptPrimitives.dll
0x00007ffa81aa0000 - 0x00007ffa81ace000 	C:\Windows\System32\IMM32.DLL
0x00007ffa7b5f0000 - 0x00007ffa7b5fc000 	c:\Users\harisnaseer\.vscode\extensions\redhat.java-1.41.1-win32-x64\jre\21.0.6-win32-x86_64\bin\vcruntime140_1.dll
0x00007ffa233e0000 - 0x00007ffa2346d000 	c:\Users\harisnaseer\.vscode\extensions\redhat.java-1.41.1-win32-x64\jre\21.0.6-win32-x86_64\bin\msvcp140.dll
0x00007ffa16130000 - 0x00007ffa16ec0000 	c:\Users\harisnaseer\.vscode\extensions\redhat.java-1.41.1-win32-x64\jre\21.0.6-win32-x86_64\bin\server\jvm.dll
0x00007ffa806c0000 - 0x00007ffa80763000 	C:\Windows\System32\ADVAPI32.dll
0x00007ffa81ad0000 - 0x00007ffa81b67000 	C:\Windows\System32\sechost.dll
0x00007ffa7ee80000 - 0x00007ffa7eeca000 	C:\Windows\System32\POWRPROF.dll
0x00007ffa7ee70000 - 0x00007ffa7ee80000 	C:\Windows\System32\UMPDC.dll
0x00007ffa816c0000 - 0x00007ffa8172f000 	C:\Windows\System32\WS2_32.dll
0x00007ffa7cc50000 - 0x00007ffa7cc74000 	C:\Windows\SYSTEM32\WINMM.dll
0x00007ffa766a0000 - 0x00007ffa766aa000 	C:\Windows\SYSTEM32\VERSION.dll
0x00007ffa7cc20000 - 0x00007ffa7cc4d000 	C:\Windows\SYSTEM32\WINMMBASE.dll
0x00007ffa7ff70000 - 0x00007ffa7ffba000 	C:\Windows\System32\cfgmgr32.dll
0x00007ffa7eed0000 - 0x00007ffa7eee1000 	C:\Windows\System32\kernel.appcore.dll
0x00007ffa5ff30000 - 0x00007ffa5ff3a000 	c:\Users\harisnaseer\.vscode\extensions\redhat.java-1.41.1-win32-x64\jre\21.0.6-win32-x86_64\bin\jimage.dll
0x00007ffa752c0000 - 0x00007ffa754b4000 	C:\Windows\SYSTEM32\DBGHELP.DLL
0x00007ffa751d0000 - 0x00007ffa751fa000 	C:\Windows\SYSTEM32\dbgcore.DLL
0x00007ffa74a80000 - 0x00007ffa74a8f000 	c:\Users\harisnaseer\.vscode\extensions\redhat.java-1.41.1-win32-x64\jre\21.0.6-win32-x86_64\bin\instrument.dll
0x00007ffa5e4b0000 - 0x00007ffa5e4cf000 	c:\Users\harisnaseer\.vscode\extensions\redhat.java-1.41.1-win32-x64\jre\21.0.6-win32-x86_64\bin\java.dll
0x00007ffa80d80000 - 0x00007ffa81462000 	C:\Windows\System32\SHELL32.dll
0x00007ffa81eb0000 - 0x00007ffa81f59000 	C:\Windows\System32\shcore.dll
0x00007ffa7ef30000 - 0x00007ffa7f6ac000 	C:\Windows\System32\windows.storage.dll
0x00007ffa7ef10000 - 0x00007ffa7ef2f000 	C:\Windows\System32\profapi.dll
0x00007ffa80590000 - 0x00007ffa805e2000 	C:\Windows\System32\shlwapi.dll
0x00007ffa7f9e0000 - 0x00007ffa7f9f7000 	C:\Windows\System32\cryptsp.dll
0x00007ffa5de80000 - 0x00007ffa5de98000 	c:\Users\harisnaseer\.vscode\extensions\redhat.java-1.41.1-win32-x64\jre\21.0.6-win32-x86_64\bin\zip.dll
0x00007ffa5ff20000 - 0x00007ffa5ff30000 	C:\Users\harisnaseer\.vscode\extensions\redhat.java-1.41.1-win32-x64\jre\21.0.6-win32-x86_64\bin\net.dll
0x00007ffa773a0000 - 0x00007ffa77490000 	C:\Windows\SYSTEM32\WINHTTP.dll
0x00007ffa7e680000 - 0x00007ffa7e6e7000 	C:\Windows\system32\mswsock.dll
0x00007ffa5de60000 - 0x00007ffa5de76000 	C:\Users\harisnaseer\.vscode\extensions\redhat.java-1.41.1-win32-x64\jre\21.0.6-win32-x86_64\bin\nio.dll
0x00007ffa5ff80000 - 0x00007ffa5ff90000 	c:\Users\harisnaseer\.vscode\extensions\redhat.java-1.41.1-win32-x64\jre\21.0.6-win32-x86_64\bin\verify.dll
0x00007ffa49190000 - 0x00007ffa491d5000 	C:\Users\harisnaseer\AppData\Roaming\Code\User\globalStorage\redhat.java\1.41.1\config_win\org.eclipse.equinox.launcher\org.eclipse.equinox.launcher.win32.win32.x86_64_1.2.1300.v20250331-1702\eclipse_11911.dll
0x00007ffa81560000 - 0x00007ffa816b6000 	C:\Windows\System32\ole32.dll
0x00007ffa7e1f0000 - 0x00007ffa7e223000 	C:\Windows\system32\rsaenh.dll
0x00007ffa7fb50000 - 0x00007ffa7fb76000 	C:\Windows\System32\bcrypt.dll
0x00007ffa7ed90000 - 0x00007ffa7edb5000 	C:\Windows\SYSTEM32\USERENV.dll
0x00007ffa7e850000 - 0x00007ffa7e85c000 	C:\Windows\SYSTEM32\CRYPTBASE.dll
0x00007ffa7e390000 - 0x00007ffa7e3ca000 	C:\Windows\SYSTEM32\IPHLPAPI.DLL
0x00007ffa80d70000 - 0x00007ffa80d78000 	C:\Windows\System32\NSI.dll
0x00007ffa4c230000 - 0x00007ffa4c279000 	C:\Users\harisnaseer\AppData\Local\Temp\jna-859814389\jna12244387797178843386.dll
0x00007ffa81470000 - 0x00007ffa81478000 	C:\Windows\System32\PSAPI.DLL

dbghelp: loaded successfully - version: 4.0.5 - missing functions: none
symbol engine: initialized successfully - sym options: 0x614 - pdb path: .;c:\Users\harisnaseer\.vscode\extensions\redhat.java-1.41.1-win32-x64\jre\21.0.6-win32-x86_64\bin;C:\Windows\SYSTEM32;C:\Windows\WinSxS\amd64_microsoft.windows.common-controls_6595b64144ccf1df_6.0.18362.295_none_e6c3acbd13101292;c:\Users\harisnaseer\.vscode\extensions\redhat.java-1.41.1-win32-x64\jre\21.0.6-win32-x86_64\bin\server;C:\Users\harisnaseer\AppData\Roaming\Code\User\globalStorage\redhat.java\1.41.1\config_win\org.eclipse.equinox.launcher\org.eclipse.equinox.launcher.win32.win32.x86_64_1.2.1300.v20250331-1702;C:\Users\harisnaseer\AppData\Local\Temp\jna-859814389

VM Arguments:
jvm_args: --add-modules=ALL-SYSTEM --add-opens=java.base/java.util=ALL-UNNAMED --add-opens=java.base/java.lang=ALL-UNNAMED --add-opens=java.base/sun.nio.fs=ALL-UNNAMED -Declipse.application=org.eclipse.jdt.ls.core.id1 -Dosgi.bundles.defaultStartLevel=4 -Declipse.product=org.eclipse.jdt.ls.core.product -Djava.import.generatesMetadataFilesAtProjectRoot=false -DDetectVMInstallationsJob.disabled=true -Dfile.encoding=utf8 -XX:+UseParallelGC -XX:GCTimeRatio=4 -XX:AdaptiveSizePolicyWeight=90 -Dsun.zip.disableMemoryMapping=true -Xmx1G -Xms100m -Xlog:disable -javaagent:c:\Users\harisnaseer\.vscode\extensions\redhat.java-1.41.1-win32-x64\lombok\lombok-1.18.36.jar -XX:+HeapDumpOnOutOfMemoryError -XX:HeapDumpPath=c:\Users\harisnaseer\AppData\Roaming\Code\User\workspaceStorage\504e6ecccf0c23e0a27ee28e65a1aba0\redhat.java -Daether.dependencyCollector.impl=bf 
java_command: c:\Users\harisnaseer\.vscode\extensions\redhat.java-1.41.1-win32-x64\server\plugins\org.eclipse.equinox.launcher_1.7.0.v20250331-1702.jar -configuration c:\Users\harisnaseer\AppData\Roaming\Code\User\globalStorage\redhat.java\1.41.1\config_win -data c:\Users\harisnaseer\AppData\Roaming\Code\User\workspaceStorage\504e6ecccf0c23e0a27ee28e65a1aba0\redhat.java\jdt_ws --pipe=\\.\pipe\lsp-ec97ddc5192940cefbe0fa5f3dc4344a-sock
java_class_path (initial): c:\Users\harisnaseer\.vscode\extensions\redhat.java-1.41.1-win32-x64\server\plugins\org.eclipse.equinox.launcher_1.7.0.v20250331-1702.jar
Launcher Type: SUN_STANDARD

[Global flags]
    uintx AdaptiveSizePolicyWeight                 = 90                                        {product} {command line}
     intx CICompilerCount                          = 3                                         {product} {ergonomic}
    uintx GCTimeRatio                              = 4                                         {product} {command line}
     bool HeapDumpOnOutOfMemoryError               = true                                   {manageable} {command line}
    ccstr HeapDumpPath                             = c:\Users\harisnaseer\AppData\Roaming\Code\User\workspaceStorage\504e6ecccf0c23e0a27ee28e65a1aba0\redhat.java         {manageable} {command line}
   size_t InitialHeapSize                          = 104857600                                 {product} {command line}
   size_t MaxHeapSize                              = 1073741824                                {product} {command line}
   size_t MaxNewSize                               = 357564416                                 {product} {ergonomic}
   size_t MinHeapDeltaBytes                        = 524288                                    {product} {ergonomic}
   size_t MinHeapSize                              = 104857600                                 {product} {command line}
   size_t NewSize                                  = 34603008                                  {product} {ergonomic}
    uintx NonNMethodCodeHeapSize                   = 5832780                                {pd product} {ergonomic}
    uintx NonProfiledCodeHeapSize                  = 122912730                              {pd product} {ergonomic}
   size_t OldSize                                  = 70254592                                  {product} {ergonomic}
    uintx ProfiledCodeHeapSize                     = 122912730                              {pd product} {ergonomic}
    uintx ReservedCodeCacheSize                    = 251658240                              {pd product} {ergonomic}
     bool SegmentedCodeCache                       = true                                      {product} {ergonomic}
   size_t SoftMaxHeapSize                          = 1073741824                             {manageable} {ergonomic}
     bool UseCompressedOops                        = true                           {product lp64_product} {ergonomic}
     bool UseLargePagesIndividualAllocation        = false                                  {pd product} {ergonomic}
     bool UseParallelGC                            = true                                      {product} {command line}

Logging:
Log output configuration:
 #0: stdout all=off uptime,level,tags foldmultilines=false
 #1: stderr all=off uptime,level,tags foldmultilines=false

Environment Variables:
JAVA_HOME=C:\Program Files\Java\jdk-23
PATH=C:\Program Files\Common Files\Oracle\Java\javapath;C:\Windows\system32;C:\Windows;C:\Windows\System32\Wbem;C:\Windows\System32\WindowsPowerShell\v1.0\;C:\Windows\System32\OpenSSH\;C:\Program Files\Microsoft SQL Server\130\Tools\Binn\;C:\Program Files (x86)\Microsoft SQL Server\130\DTS\Binn\;C:\Program Files\Microsoft SQL Server\130\DTS\Binn\;C:\Program Files\Microsoft SQL Server\Client SDK\ODBC\130\Tools\Binn\;C:\Program Files (x86)\Microsoft SQL Server\130\Tools\Binn\;C:\Program Files (x86)\Microsoft SQL Server\Client SDK\ODBC\130\Tools\Binn\;C:\Program Files (x86)\Microsoft SQL Server\130\Tools\Binn\ManagementStudio\;C:\Program Files (x86)\Microsoft SQL Server\150\DTS\Binn\;C:\Program Files\Azure Data Studio\bin;C:\Program Files\Microsoft SQL Server\Client SDK\ODBC\170\Tools\Binn\;C:\xampp\php;C:\ProgramData\ComposerSetup\bin;C:\Program Files\Microsoft SQL Server\150\Tools\Binn\;C:\Program Files (x86)\Windows Kits\10\Windows Performance Toolkit\;C:\Program Files\dotnet\;C:\Program Files (x86)\Microsoft SQL Server\160\DTS\Binn\;C:\flutter\bin;C:\Program Files\Java\jdk-23\bin;C:\Users\HARISN~1\AppData\Local\Pub\Cache\bin;C:\Users\HARISN~1\AppData\Roaming\npm;C:\Program Files\nodejs\;C:\Users\harisnaseer\AppData\Local\Microsoft\WindowsApps;C:\Users\harisnaseer\AppData\Local\JetBrains\IntelliJ IDEA Community Edition 2023.2.2\bin;;C:\Users\harisnaseer\.dotnet\tools;C:\Users\harisnaseer\AppData\Local\GitHubDesktop\bin;C:\Git\cmd;C:\Users\harisnaseer\AppData\Local\Programs\Microsoft VS Code\bin;C:\Users\harisnaseer\AppData\Local\Programs\mongosh\;C:\Users\harisnaseer\AppData\Roaming\npm
USERNAME=harisnaseer
OS=Windows_NT
PROCESSOR_IDENTIFIER=Intel64 Family 6 Model 42 Stepping 7, GenuineIntel
TMP=C:\Users\HARISN~1\AppData\Local\Temp
TEMP=C:\Users\HARISN~1\AppData\Local\Temp




Periodic native trim disabled

---------------  S Y S T E M  ---------------

OS:
 Windows 10 , 64 bit Build 18362 (10.0.18362.86)
OS uptime: 0 days 9:01 hours

CPU: total 4 (initial active 4) (2 cores per cpu, 2 threads per core) family 6 model 42 stepping 7 microcode 0x2e, cx8, cmov, fxsr, ht, mmx, sse, sse2, sse3, ssse3, sse4.1, sse4.2, popcnt, tsc, tscinvbit, avx, clmul, vzeroupper, clflush, rdtscp
Processor Information for the first 4 processors :
  Max Mhz: 3300, Current Mhz: 3300, Mhz Limit: 3300

Memory: 4k page, system-wide physical 3977M (407M free)
TotalPageFile size 9621M (AvailPageFile size 17M)
current process WorkingSet (physical memory assigned to process): 129M, peak: 129M
current process commit charge ("private bytes"): 225M, peak: 225M

vm_info: OpenJDK 64-Bit Server VM (21.0.6+7-LTS) for windows-amd64 JRE (21.0.6+7-LTS), built on 2025-01-21T00:00:00Z by "admin" with MS VC++ 17.7 (VS2022)

END.
